2024-01-07 16:46:24,955 [INFO] Activator:177 - 


2024-01-07 16:46:24,971 [INFO] Activator:178 - !SESSION log4j initialized
2024-01-07 16:46:33,894 [INFO] McuFinderGlobals:39 - Set McuFinder mode to 2 (CubeIDE integrated)
2024-01-07 16:46:34,172 [INFO] ApplicationProperties:181 - Using Application install path: D:\DaiHoc\HK5\VXL\stm32cubeide_1.7.0\STM32CubeIDE\plugins\com.st.stm32cube.common.mx_6.3.0.202107141111
2024-01-07 16:46:34,204 [INFO] DbMcusXml:74 - Set database path to: D:\DaiHoc\HK5\VXL\stm32cubeide_1.7.0\STM32CubeIDE\plugins\com.st.stm32cube.common.mx_6.3.0.202107141111\\db\/mcu/
2024-01-07 16:46:34,204 [INFO] DbBoardsPdsc:56 - Set plugin database path to: D:\DaiHoc\HK5\VXL\stm32cubeide_1.7.0\STM32CubeIDE\plugins\com.st.stm32cube.common.mx_6.3.0.202107141111\\db\/plugins/boardmanager/
2024-01-07 16:46:34,204 [INFO] DbMcus:258 - Set plugin images path to: D:\DaiHoc\HK5\VXL\stm32cubeide_1.7.0\STM32CubeIDE\plugins\com.st.stm32cube.common.mx_6.3.0.202107141111\\db\/plugins/mcufinder/images/
2024-01-07 16:46:34,204 [INFO] DbBoards:264 - Set plugin images path to: D:\DaiHoc\HK5\VXL\stm32cubeide_1.7.0\STM32CubeIDE\plugins\com.st.stm32cube.common.mx_6.3.0.202107141111\\db\/plugins/mcufinder/images/
2024-01-07 16:46:34,219 [INFO] DbExamples:333 - Set plugin images path to: D:\DaiHoc\HK5\VXL\stm32cubeide_1.7.0\STM32CubeIDE\plugins\com.st.stm32cube.common.mx_6.3.0.202107141111\\db\/plugins/mcufinder/images/
2024-01-07 16:46:34,235 [INFO] DbMcusAds:119 - Set database path to: C:\Users\Admin\.stmcufinder\plugins\mcufinder//mcu/
2024-01-07 16:46:34,235 [INFO] DbMcusDocs:110 - Set database path to: C:\Users\Admin\.stmcufinder\plugins\mcufinder//mcu/
2024-01-07 16:46:34,235 [INFO] DbMcusJson:64 - Set database path to: C:\Users\Admin\.stmcufinder\plugins\mcufinder//mcu/
2024-01-07 16:46:34,235 [INFO] DbBoardsDocs:110 - Set database path to: C:\Users\Admin\.stmcufinder\plugins\mcufinder//mcu/
2024-01-07 16:46:34,235 [INFO] DbBoardsJson:57 - Set database path to: C:\Users\Admin\.stmcufinder\plugins\mcufinder//mcu/
2024-01-07 16:46:34,926 [INFO] CrossReferenceDbSqlite:196 - Set database path to: C:\Users\Admin\.stmcufinder\plugins\mcufinder//mcu/cs/
2024-01-07 16:46:34,942 [INFO] DbExamplesSqlite:767 - Set database path to: C:\Users\Admin\.stmcufinder\plugins\mcufinder//mcu/
2024-01-07 16:46:35,102 [INFO] RulesReader:57 - Compatibility file has been processed (242 Rules)
2024-01-07 16:46:35,257 [INFO] DbMcusXml:74 - Set database path to: D:\DaiHoc\HK5\VXL\stm32cubeide_1.7.0\STM32CubeIDE\plugins\com.st.stm32cube.common.mx_6.3.0.202107141111\\db\/mcu/
2024-01-07 16:46:35,257 [INFO] DbBoardsPdsc:56 - Set plugin database path to: D:\DaiHoc\HK5\VXL\stm32cubeide_1.7.0\STM32CubeIDE\plugins\com.st.stm32cube.common.mx_6.3.0.202107141111\\db\/plugins/boardmanager/
2024-01-07 16:46:35,257 [INFO] DbMcus:258 - Set plugin images path to: D:\DaiHoc\HK5\VXL\stm32cubeide_1.7.0\STM32CubeIDE\plugins\com.st.stm32cube.common.mx_6.3.0.202107141111\\db\/plugins/mcufinder/images/
2024-01-07 16:46:35,257 [INFO] DbBoards:264 - Set plugin images path to: D:\DaiHoc\HK5\VXL\stm32cubeide_1.7.0\STM32CubeIDE\plugins\com.st.stm32cube.common.mx_6.3.0.202107141111\\db\/plugins/mcufinder/images/
2024-01-07 16:46:35,257 [INFO] DbExamples:333 - Set plugin images path to: D:\DaiHoc\HK5\VXL\stm32cubeide_1.7.0\STM32CubeIDE\plugins\com.st.stm32cube.common.mx_6.3.0.202107141111\\db\/plugins/mcufinder/images/
2024-01-07 16:46:35,257 [WARN] DbFile:35 - Overriding database path with different value: C:\Users\Admin\.stmcufinder\plugins\mcufinder/ => C:\Users\Admin\.stmcufinder\plugins\mcufinder
2024-01-07 16:46:35,257 [INFO] DbMcusAds:119 - Set database path to: C:\Users\Admin\.stmcufinder\plugins\mcufinder//mcu/
2024-01-07 16:46:35,257 [WARN] DbFile:35 - Overriding database path with different value: C:\Users\Admin\.stmcufinder\plugins\mcufinder/ => C:\Users\Admin\.stmcufinder\plugins\mcufinder
2024-01-07 16:46:35,257 [INFO] DbMcusDocs:110 - Set database path to: C:\Users\Admin\.stmcufinder\plugins\mcufinder//mcu/
2024-01-07 16:46:35,257 [WARN] DbFile:35 - Overriding database path with different value: C:\Users\Admin\.stmcufinder\plugins\mcufinder/ => C:\Users\Admin\.stmcufinder\plugins\mcufinder
2024-01-07 16:46:35,257 [INFO] DbMcusJson:64 - Set database path to: C:\Users\Admin\.stmcufinder\plugins\mcufinder//mcu/
2024-01-07 16:46:35,257 [WARN] DbFile:35 - Overriding database path with different value: C:\Users\Admin\.stmcufinder\plugins\mcufinder/ => C:\Users\Admin\.stmcufinder\plugins\mcufinder
2024-01-07 16:46:35,257 [INFO] DbBoardsDocs:110 - Set database path to: C:\Users\Admin\.stmcufinder\plugins\mcufinder//mcu/
2024-01-07 16:46:35,257 [WARN] DbFile:35 - Overriding database path with different value: C:\Users\Admin\.stmcufinder\plugins\mcufinder/ => C:\Users\Admin\.stmcufinder\plugins\mcufinder
2024-01-07 16:46:35,257 [INFO] DbBoardsJson:57 - Set database path to: C:\Users\Admin\.stmcufinder\plugins\mcufinder//mcu/
2024-01-07 16:46:35,257 [WARN] DbFile:35 - Overriding database path with different value: C:\Users\Admin\.stmcufinder\plugins\mcufinder/ => C:\Users\Admin\.stmcufinder\plugins\mcufinder
2024-01-07 16:46:35,257 [WARN] DbFile:35 - Overriding database path with different value: C:\Users\Admin\.stmcufinder\plugins\mcufinder/ => C:\Users\Admin\.stmcufinder\plugins\mcufinder
2024-01-07 16:46:35,923 [INFO] CrossReferenceDbSqlite:196 - Set database path to: C:\Users\Admin\.stmcufinder\plugins\mcufinder//mcu/cs/
2024-01-07 16:46:35,923 [WARN] DbFile:35 - Overriding database path with different value: C:\Users\Admin\.stmcufinder\plugins\mcufinder/ => C:\Users\Admin\.stmcufinder\plugins\mcufinder
2024-01-07 16:46:35,923 [INFO] DbExamplesSqlite:767 - Set database path to: C:\Users\Admin\.stmcufinder\plugins\mcufinder//mcu/
2024-01-07 16:46:36,049 [INFO] MainPanel:214 - HeapMemory: 268435456
2024-01-07 16:46:36,222 [INFO] DbMcusXml:74 - Set database path to: D:\DaiHoc\HK5\VXL\stm32cubeide_1.7.0\STM32CubeIDE\plugins\com.st.stm32cube.common.mx_6.3.0.202107141111\\db\/mcu/
2024-01-07 16:46:36,222 [INFO] DbBoardsPdsc:56 - Set plugin database path to: D:\DaiHoc\HK5\VXL\stm32cubeide_1.7.0\STM32CubeIDE\plugins\com.st.stm32cube.common.mx_6.3.0.202107141111\\db\/plugins/boardmanager/
2024-01-07 16:46:36,222 [INFO] DbMcus:258 - Set plugin images path to: D:\DaiHoc\HK5\VXL\stm32cubeide_1.7.0\STM32CubeIDE\plugins\com.st.stm32cube.common.mx_6.3.0.202107141111\\db\/plugins/mcufinder/images/
2024-01-07 16:46:36,222 [INFO] DbBoards:264 - Set plugin images path to: D:\DaiHoc\HK5\VXL\stm32cubeide_1.7.0\STM32CubeIDE\plugins\com.st.stm32cube.common.mx_6.3.0.202107141111\\db\/plugins/mcufinder/images/
2024-01-07 16:46:36,222 [INFO] DbExamples:333 - Set plugin images path to: D:\DaiHoc\HK5\VXL\stm32cubeide_1.7.0\STM32CubeIDE\plugins\com.st.stm32cube.common.mx_6.3.0.202107141111\\db\/plugins/mcufinder/images/
2024-01-07 16:46:36,222 [WARN] DbFile:35 - Overriding database path with different value: C:\Users\Admin\.stmcufinder\plugins\mcufinder/ => C:\Users\Admin\.stmcufinder\plugins\mcufinder
2024-01-07 16:46:36,222 [INFO] DbMcusAds:119 - Set database path to: C:\Users\Admin\.stmcufinder\plugins\mcufinder//mcu/
2024-01-07 16:46:36,222 [WARN] DbFile:35 - Overriding database path with different value: C:\Users\Admin\.stmcufinder\plugins\mcufinder/ => C:\Users\Admin\.stmcufinder\plugins\mcufinder
2024-01-07 16:46:36,222 [INFO] DbMcusDocs:110 - Set database path to: C:\Users\Admin\.stmcufinder\plugins\mcufinder//mcu/
2024-01-07 16:46:36,222 [WARN] DbFile:35 - Overriding database path with different value: C:\Users\Admin\.stmcufinder\plugins\mcufinder/ => C:\Users\Admin\.stmcufinder\plugins\mcufinder
2024-01-07 16:46:36,222 [INFO] DbMcusJson:64 - Set database path to: C:\Users\Admin\.stmcufinder\plugins\mcufinder//mcu/
2024-01-07 16:46:36,222 [WARN] DbFile:35 - Overriding database path with different value: C:\Users\Admin\.stmcufinder\plugins\mcufinder/ => C:\Users\Admin\.stmcufinder\plugins\mcufinder
2024-01-07 16:46:36,222 [INFO] DbBoardsDocs:110 - Set database path to: C:\Users\Admin\.stmcufinder\plugins\mcufinder//mcu/
2024-01-07 16:46:36,222 [WARN] DbFile:35 - Overriding database path with different value: C:\Users\Admin\.stmcufinder\plugins\mcufinder/ => C:\Users\Admin\.stmcufinder\plugins\mcufinder
2024-01-07 16:46:36,222 [INFO] DbBoardsJson:57 - Set database path to: C:\Users\Admin\.stmcufinder\plugins\mcufinder//mcu/
2024-01-07 16:46:36,222 [WARN] DbFile:35 - Overriding database path with different value: C:\Users\Admin\.stmcufinder\plugins\mcufinder/ => C:\Users\Admin\.stmcufinder\plugins\mcufinder
2024-01-07 16:46:36,222 [WARN] DbFile:35 - Overriding database path with different value: C:\Users\Admin\.stmcufinder\plugins\mcufinder/ => C:\Users\Admin\.stmcufinder\plugins\mcufinder
2024-01-07 16:46:36,921 [INFO] CrossReferenceDbSqlite:196 - Set database path to: C:\Users\Admin\.stmcufinder\plugins\mcufinder//mcu/cs/
2024-01-07 16:46:36,922 [WARN] DbFile:35 - Overriding database path with different value: C:\Users\Admin\.stmcufinder\plugins\mcufinder/ => C:\Users\Admin\.stmcufinder\plugins\mcufinder
2024-01-07 16:46:36,922 [INFO] DbExamplesSqlite:767 - Set database path to: C:\Users\Admin\.stmcufinder\plugins\mcufinder//mcu/
2024-01-07 16:46:36,955 [INFO] ApplicationProperties:181 - Using Application install path: D:\DaiHoc\HK5\VXL\stm32cubeide_1.7.0\STM32CubeIDE\plugins\com.st.stm32cube.common.mx_6.3.0.202107141111
2024-01-07 16:46:36,955 [INFO] PluginManage:188 - Search for loadable plugins [exclusion list=, ]
2024-01-07 16:46:36,955 [INFO] PluginManage:302 - Check plugin analytics
2024-01-07 16:46:38,010 [INFO] AnalyticsPlugin:257 - Accepted Software Licenses: 
2024-01-07 16:46:38,010 [INFO] AnalyticsPlugin:259 - Accepted CMSIS Pack Licenses: 
2024-01-07 16:46:38,010 [INFO] AnalyticsPlugin:261 - Accepted Firmware Licenses: 
2024-01-07 16:46:38,010 [INFO] PluginManage:352 - Loaded plugin analytics (category:tool,tabindex:-1)
2024-01-07 16:46:38,010 [INFO] PluginManage:302 - Check plugin clock
2024-01-07 16:46:38,025 [INFO] PluginManage:352 - Loaded plugin clock (category:base,tabindex:2)
2024-01-07 16:46:38,025 [INFO] PluginManage:302 - Check plugin ddr
2024-01-07 16:46:38,025 [INFO] PluginManage:352 - Loaded plugin ddr (category:tool,tabindex:6)
2024-01-07 16:46:38,041 [INFO] PluginManage:302 - Check plugin filemanager
2024-01-07 16:46:38,247 [INFO] PluginManage:352 - Loaded plugin filemanager (category:base,tabindex:10)
2024-01-07 16:46:38,261 [INFO] PluginManage:302 - Check plugin ipmanager
2024-01-07 16:46:38,277 [INFO] PluginManage:352 - Loaded plugin ipmanager (category:base,tabindex:5)
2024-01-07 16:46:38,277 [INFO] PluginManage:302 - Check plugin pinoutandconfiguration
2024-01-07 16:46:38,295 [INFO] PluginManage:352 - Loaded plugin pinoutandconfiguration (category:base,tabindex:1)
2024-01-07 16:46:38,295 [INFO] PluginManage:302 - Check plugin pinoutconfig
2024-01-07 16:46:38,340 [INFO] PluginManage:352 - Loaded plugin pinoutconfig (category:base,tabindex:0)
2024-01-07 16:46:38,340 [INFO] PluginManage:302 - Check plugin power
2024-01-07 16:46:38,357 [INFO] PluginManage:352 - Loaded plugin power (category:power,tabindex:4)
2024-01-07 16:46:38,357 [INFO] PluginManage:302 - Check plugin projectmanager
2024-01-07 16:46:38,394 [INFO] PluginManage:352 - Loaded plugin projectmanager (category:projectmanager,tabindex:3)
2024-01-07 16:46:38,394 [INFO] PluginManage:302 - Check plugin thirdparty
2024-01-07 16:46:38,633 [WARN] IntegrityCheckThread:78 - waiting for thirdparty lock release [integrity check]
2024-01-07 16:46:38,633 [INFO] PluginManage:352 - Loaded plugin thirdparty (category:base,tabindex:-1)
2024-01-07 16:46:38,633 [INFO] IntegrityCheckThread:80 - entering critical section [integrity check]
2024-01-07 16:46:38,639 [INFO] PluginManage:302 - Check plugin tools
2024-01-07 16:46:38,639 [INFO] ThirdPartyUpdaterWithRetryManager:66 - Updater plugin not ready yet. [1/15]
2024-01-07 16:46:38,639 [INFO] PluginManage:352 - Loaded plugin tools (category:base,tabindex:7)
2024-01-07 16:46:38,639 [INFO] PluginManage:302 - Check plugin tutovideos
2024-01-07 16:46:39,011 [INFO] PluginManage:352 - Loaded plugin tutovideos (category:base,tabindex:-1)
2024-01-07 16:46:39,011 [INFO] PluginManage:302 - Check plugin updater
2024-01-07 16:46:39,031 [INFO] PluginManage:352 - Loaded plugin updater (category:base,tabindex:12)
2024-01-07 16:46:39,031 [INFO] PluginManage:275 - PluginManage : Loaded plugins [13]
2024-01-07 16:46:39,344 [INFO] PinOutPanel:1463 - setPackage(No Configuration,No Configuration)
2024-01-07 16:46:39,519 [INFO] IPUIPlugin:74 - create IPUIPlugin
2024-01-07 16:46:39,519 [INFO] PluginManager:213 - loadIPPluginJar : add adc
2024-01-07 16:46:39,519 [INFO] IPUIPlugin:74 - create IPUIPlugin
2024-01-07 16:46:39,519 [INFO] PluginManager:213 - loadIPPluginJar : add aes
2024-01-07 16:46:39,519 [INFO] IPUIPlugin:74 - create IPUIPlugin
2024-01-07 16:46:39,519 [INFO] PluginManager:213 - loadIPPluginJar : add can
2024-01-07 16:46:39,537 [INFO] IPUIPlugin:74 - create IPUIPlugin
2024-01-07 16:46:39,537 [INFO] PluginManager:213 - loadIPPluginJar : add comp
2024-01-07 16:46:39,537 [INFO] IPUIPlugin:74 - create IPUIPlugin
2024-01-07 16:46:39,537 [INFO] PluginManager:213 - loadIPPluginJar : add cryp
2024-01-07 16:46:39,537 [INFO] IPUIPlugin:74 - create IPUIPlugin
2024-01-07 16:46:39,537 [INFO] PluginManager:213 - loadIPPluginJar : add dfsdm
2024-01-07 16:46:39,551 [INFO] IPUIPlugin:74 - create IPUIPlugin
2024-01-07 16:46:39,551 [INFO] PluginManager:213 - loadIPPluginJar : add dma
2024-01-07 16:46:39,566 [INFO] IPUIPlugin:74 - create IPUIPlugin
2024-01-07 16:46:39,566 [INFO] PluginManager:213 - loadIPPluginJar : add dma3
2024-01-07 16:46:39,566 [INFO] IPUIPlugin:74 - create IPUIPlugin
2024-01-07 16:46:39,566 [INFO] PluginManager:213 - loadIPPluginJar : add fatfs
2024-01-07 16:46:39,566 [INFO] IPUIPlugin:74 - create IPUIPlugin
2024-01-07 16:46:39,566 [INFO] PluginManager:213 - loadIPPluginJar : add fmc
2024-01-07 16:46:39,582 [INFO] IPUIPlugin:74 - create IPUIPlugin
2024-01-07 16:46:39,582 [INFO] PluginManager:213 - loadIPPluginJar : add freertos
2024-01-07 16:46:39,582 [INFO] IPUIPlugin:74 - create IPUIPlugin
2024-01-07 16:46:39,582 [INFO] PluginManager:213 - loadIPPluginJar : add genericplugin
2024-01-07 16:46:39,598 [INFO] IPUIPlugin:74 - create IPUIPlugin
2024-01-07 16:46:39,599 [INFO] PluginManager:213 - loadIPPluginJar : add gfxmmu
2024-01-07 16:46:39,599 [INFO] IPUIPlugin:74 - create IPUIPlugin
2024-01-07 16:46:39,599 [INFO] PluginManager:213 - loadIPPluginJar : add gic
2024-01-07 16:46:39,615 [INFO] IPUIPlugin:74 - create IPUIPlugin
2024-01-07 16:46:39,615 [INFO] PluginManager:213 - loadIPPluginJar : add gpio
2024-01-07 16:46:39,615 [INFO] IPUIPlugin:74 - create IPUIPlugin
2024-01-07 16:46:39,615 [INFO] PluginManager:213 - loadIPPluginJar : add gtzc
2024-01-07 16:46:39,615 [INFO] IPUIPlugin:74 - create IPUIPlugin
2024-01-07 16:46:39,615 [INFO] PluginManager:213 - loadIPPluginJar : add hash
2024-01-07 16:46:39,630 [INFO] IPUIPlugin:74 - create IPUIPlugin
2024-01-07 16:46:39,630 [INFO] PluginManager:213 - loadIPPluginJar : add i2c
2024-01-07 16:46:39,630 [INFO] IPUIPlugin:74 - create IPUIPlugin
2024-01-07 16:46:39,630 [INFO] PluginManager:213 - loadIPPluginJar : add i2s
2024-01-07 16:46:39,647 [INFO] IPUIPlugin:74 - create IPUIPlugin
2024-01-07 16:46:39,647 [INFO] PluginManager:213 - loadIPPluginJar : add ipddr
2024-01-07 16:46:39,647 [INFO] IPUIPlugin:74 - create IPUIPlugin
2024-01-07 16:46:39,647 [INFO] PluginManager:213 - loadIPPluginJar : add linkedlist
2024-01-07 16:46:39,662 [INFO] IPUIPlugin:74 - create IPUIPlugin
2024-01-07 16:46:39,662 [INFO] PluginManager:213 - loadIPPluginJar : add lorawan
2024-01-07 16:46:39,662 [INFO] IPUIPlugin:74 - create IPUIPlugin
2024-01-07 16:46:39,662 [INFO] PluginManager:213 - loadIPPluginJar : add ltdc
2024-01-07 16:46:39,677 [INFO] IPUIPlugin:74 - create IPUIPlugin
2024-01-07 16:46:39,677 [INFO] PluginManager:213 - loadIPPluginJar : add mdma
2024-01-07 16:46:39,677 [INFO] IPUIPlugin:74 - create IPUIPlugin
2024-01-07 16:46:39,677 [INFO] PluginManager:213 - loadIPPluginJar : add nvic
2024-01-07 16:46:39,693 [INFO] IPUIPlugin:74 - create IPUIPlugin
2024-01-07 16:46:39,693 [INFO] PluginManager:213 - loadIPPluginJar : add opamp
2024-01-07 16:46:39,697 [INFO] IPUIPlugin:74 - create IPUIPlugin
2024-01-07 16:46:39,697 [INFO] PluginManager:213 - loadIPPluginJar : add openamp
2024-01-07 16:46:39,697 [INFO] IPUIPlugin:74 - create IPUIPlugin
2024-01-07 16:46:39,697 [INFO] PluginManager:213 - loadIPPluginJar : add pdm2pcm
2024-01-07 16:46:39,711 [INFO] IPUIPlugin:74 - create IPUIPlugin
2024-01-07 16:46:39,711 [INFO] PluginManager:213 - loadIPPluginJar : add plateformsettings
2024-01-07 16:46:39,711 [INFO] IPUIPlugin:74 - create IPUIPlugin
2024-01-07 16:46:39,711 [INFO] PluginManager:213 - loadIPPluginJar : add quadspi
2024-01-07 16:46:39,726 [INFO] IPUIPlugin:74 - create IPUIPlugin
2024-01-07 16:46:39,726 [INFO] PluginManager:213 - loadIPPluginJar : add resmgrutility
2024-01-07 16:46:39,726 [INFO] IPUIPlugin:74 - create IPUIPlugin
2024-01-07 16:46:39,726 [INFO] PluginManager:213 - loadIPPluginJar : add sai
2024-01-07 16:46:39,741 [INFO] IPUIPlugin:74 - create IPUIPlugin
2024-01-07 16:46:39,741 [INFO] PluginManager:213 - loadIPPluginJar : add spi
2024-01-07 16:46:39,741 [INFO] IPUIPlugin:74 - create IPUIPlugin
2024-01-07 16:46:39,741 [INFO] PluginManager:213 - loadIPPluginJar : add stm32_wpan
2024-01-07 16:46:39,741 [INFO] IPUIPlugin:74 - create IPUIPlugin
2024-01-07 16:46:39,741 [INFO] PluginManager:213 - loadIPPluginJar : add tim
2024-01-07 16:46:39,756 [INFO] IPUIPlugin:74 - create IPUIPlugin
2024-01-07 16:46:39,756 [INFO] PluginManager:213 - loadIPPluginJar : add touchsensing
2024-01-07 16:46:39,756 [INFO] IPUIPlugin:74 - create IPUIPlugin
2024-01-07 16:46:39,756 [INFO] PluginManager:213 - loadIPPluginJar : add tracer_emb
2024-01-07 16:46:39,772 [INFO] IPUIPlugin:74 - create IPUIPlugin
2024-01-07 16:46:39,772 [INFO] PluginManager:213 - loadIPPluginJar : add ts
2024-01-07 16:46:39,772 [INFO] IPUIPlugin:74 - create IPUIPlugin
2024-01-07 16:46:39,772 [INFO] PluginManager:213 - loadIPPluginJar : add tsc
2024-01-07 16:46:39,772 [INFO] IPUIPlugin:74 - create IPUIPlugin
2024-01-07 16:46:39,772 [INFO] PluginManager:213 - loadIPPluginJar : add ucpd
2024-01-07 16:46:39,772 [INFO] IPUIPlugin:74 - create IPUIPlugin
2024-01-07 16:46:39,772 [INFO] PluginManager:213 - loadIPPluginJar : add usart
2024-01-07 16:46:39,789 [INFO] IPUIPlugin:74 - create IPUIPlugin
2024-01-07 16:46:39,789 [INFO] PluginManager:213 - loadIPPluginJar : add usbx
2024-01-07 16:46:40,293 [FATAL] Updater:294 - Updater called before beeing initialized
2024-01-07 16:46:40,484 [FATAL] Updater:294 - Updater called before beeing initialized
2024-01-07 16:46:40,501 [INFO] DbMcusAds:47 - JSON generation date=Wed Nov 29 17:52:38 ICT 2023 (1701255158764)
2024-01-07 16:46:40,501 [FATAL] Updater:294 - Updater called before beeing initialized
2024-01-07 16:46:40,563 [WARN] DetailPanel:314 - Failed to get advertising image, set to default
2024-01-07 16:46:40,737 [FATAL] Updater:294 - Updater called before beeing initialized
2024-01-07 16:46:40,752 [FATAL] Updater:294 - Updater called before beeing initialized
2024-01-07 16:46:40,752 [FATAL] Updater:294 - Updater called before beeing initialized
2024-01-07 16:46:40,752 [WARN] DetailPanel:314 - Failed to get advertising image, set to default
2024-01-07 16:46:40,752 [FATAL] Updater:294 - Updater called before beeing initialized
2024-01-07 16:46:40,831 [ERROR] Updater:1075 - MainUpdater not yet initialized. External WinMGr cannot be set.
2024-01-07 16:46:40,849 [INFO] Updater:1012 - Updater Version found : 6.3.0
2024-01-07 16:46:40,880 [INFO] ApplicationProperties:181 - Using Application install path: D:\DaiHoc\HK5\VXL\stm32cubeide_1.7.0\STM32CubeIDE\plugins\com.st.stm32cube.common.mx_6.3.0.202107141111
2024-01-07 16:46:41,655 [INFO] ThirdPartyUpdaterWithRetryManager:66 - Updater plugin not ready yet. [2/15]
2024-01-07 16:46:41,782 [INFO] MainUpdater:2671 - connection check result : 10
2024-01-07 16:46:41,782 [INFO] MainUpdater:3359 - Updater definition file requires update
2024-01-07 16:46:41,782 [INFO] MainUpdater:265 - Updater Check For Update Now.
2024-01-07 16:46:41,782 [INFO] MicroXplorer:478 - Change Database Version : DB.6.0.30
2024-01-07 16:46:42,194 [INFO] ServerAccessManage:362 - Download File updaters.zip
2024-01-07 16:46:42,481 [INFO] FileExtend:235 - Unzip File : updaters.zip
2024-01-07 16:46:42,481 [INFO] FileExtend:250 - Standard Zip Deflate
2024-01-07 16:46:44,343 [INFO] ServerAccessManage:362 - Download File PacksControlFlags.xml
2024-01-07 16:46:44,667 [WARN] MainUpdater:1122 - Updater busy. Cannot search thirdparties
2024-01-07 16:46:44,667 [INFO] ThirdPartyUpdaterWithRetryManager:92 - Updater plugin is busy. [1/15]
2024-01-07 16:46:44,855 [INFO] ServerAccessManage:362 - Download File cubemx.pidx
2024-01-07 16:46:46,745 [INFO] ServerAccessManage:362 - Download File STMicroelectronics.X-CUBE-TOUCHGFX.pdsc
2024-01-07 16:46:47,669 [WARN] MainUpdater:1122 - Updater busy. Cannot search thirdparties
2024-01-07 16:46:47,669 [INFO] ThirdPartyUpdaterWithRetryManager:92 - Updater plugin is busy. [2/15]
2024-01-07 16:46:50,684 [WARN] MainUpdater:1122 - Updater busy. Cannot search thirdparties
2024-01-07 16:46:50,684 [INFO] ThirdPartyUpdaterWithRetryManager:92 - Updater plugin is busy. [3/15]
2024-01-07 16:46:52,826 [INFO] MainUpdater:2671 - connection check result : 10
2024-01-07 16:46:53,699 [WARN] MainUpdater:1122 - Updater busy. Cannot search thirdparties
2024-01-07 16:46:53,699 [INFO] ThirdPartyUpdaterWithRetryManager:92 - Updater plugin is busy. [4/15]
2024-01-07 16:46:56,704 [WARN] MainUpdater:1122 - Updater busy. Cannot search thirdparties
2024-01-07 16:46:56,704 [INFO] ThirdPartyUpdaterWithRetryManager:92 - Updater plugin is busy. [5/15]
2024-01-07 16:46:59,708 [WARN] MainUpdater:1122 - Updater busy. Cannot search thirdparties
2024-01-07 16:46:59,708 [INFO] ThirdPartyUpdaterWithRetryManager:92 - Updater plugin is busy. [6/15]
2024-01-07 16:47:00,849 [ERROR] ServerAccessManage:981 - Problem, Http access forbiden
2024-01-07 16:47:00,850 [ERROR] ServerAccessManage:531 - Problem, Http access forbiden : RoweBots.I-CUBE-UNISONRTOS.pdsc.
2024-01-07 16:47:01,130 [WARN] PackLoader:238 - Cannot read IP mode file for STMicroelectronics.X-CUBE-TOUCHGFX.4.23.0
2024-01-07 16:47:01,132 [INFO] PopulateThirdPartyThread:60 - Ending populate Thread
2024-01-07 16:47:01,134 [INFO] ThirdParty:967 - CMSIS Pack Vendor :STMicroelectronics X-CUBE-TOUCHGFX 4.23.0
2024-01-07 16:47:01,135 [INFO] LoadServerUpdatesThread:339 - End of LoadServerUpdate Thread
2024-01-07 16:47:01,273 [INFO] CheckServerUpdateThread:112 - End of CheckServer Thread
2024-01-07 16:47:01,302 [INFO] McuFinderGlobals:52 - Set McuFinderConnectedMode to true
2024-01-07 16:47:02,109 [INFO] ServerAccessManage:362 - Download File mcusAds.json._tmp_
2024-01-07 16:47:02,250 [INFO] LoadUrlFilesThread:145 - End of LoadUrlFiles Thread
2024-01-07 16:47:02,714 [WARN] MainUpdater:1122 - Updater busy. Cannot search thirdparties
2024-01-07 16:47:02,714 [INFO] ThirdPartyUpdaterWithRetryManager:92 - Updater plugin is busy. [7/15]
2024-01-07 16:47:03,470 [INFO] ServerAccessManage:362 - Download File mcusDocs.json._tmp_
2024-01-07 16:47:04,529 [INFO] LoadUrlFilesThread:145 - End of LoadUrlFiles Thread
2024-01-07 16:47:05,068 [INFO] ServerAccessManage:362 - Download File mcusFeaturesAndDescription.json._tmp_
2024-01-07 16:47:05,729 [WARN] MainUpdater:1122 - Updater busy. Cannot search thirdparties
2024-01-07 16:47:05,729 [INFO] ThirdPartyUpdaterWithRetryManager:92 - Updater plugin is busy. [8/15]
2024-01-07 16:47:08,734 [WARN] MainUpdater:1122 - Updater busy. Cannot search thirdparties
2024-01-07 16:47:08,734 [INFO] ThirdPartyUpdaterWithRetryManager:92 - Updater plugin is busy. [9/15]
2024-01-07 16:47:11,742 [WARN] MainUpdater:1122 - Updater busy. Cannot search thirdparties
2024-01-07 16:47:11,742 [INFO] ThirdPartyUpdaterWithRetryManager:92 - Updater plugin is busy. [10/15]
2024-01-07 16:47:14,753 [WARN] MainUpdater:1122 - Updater busy. Cannot search thirdparties
2024-01-07 16:47:14,753 [INFO] ThirdPartyUpdaterWithRetryManager:92 - Updater plugin is busy. [11/15]
2024-01-07 16:47:15,148 [INFO] LoadUrlFilesThread:145 - End of LoadUrlFiles Thread
2024-01-07 16:47:15,715 [INFO] ServerAccessManage:362 - Download File boardsDocs.json._tmp_
2024-01-07 16:47:15,890 [INFO] LoadUrlFilesThread:145 - End of LoadUrlFiles Thread
2024-01-07 16:47:16,398 [INFO] ServerAccessManage:362 - Download File boards.json._tmp_
2024-01-07 16:47:16,985 [INFO] LoadUrlFilesThread:145 - End of LoadUrlFiles Thread
2024-01-07 16:47:17,758 [WARN] MainUpdater:1122 - Updater busy. Cannot search thirdparties
2024-01-07 16:47:17,758 [INFO] ThirdPartyUpdaterWithRetryManager:92 - Updater plugin is busy. [12/15]
2024-01-07 16:47:17,773 [INFO] ServerAccessManage:362 - Download File cube-finder-db.zip
2024-01-07 16:47:20,769 [WARN] MainUpdater:1122 - Updater busy. Cannot search thirdparties
2024-01-07 16:47:20,769 [INFO] ThirdPartyUpdaterWithRetryManager:92 - Updater plugin is busy. [13/15]
2024-01-07 16:47:23,776 [WARN] MainUpdater:1122 - Updater busy. Cannot search thirdparties
2024-01-07 16:47:23,776 [INFO] ThirdPartyUpdaterWithRetryManager:92 - Updater plugin is busy. [14/15]
2024-01-07 16:47:26,783 [WARN] MainUpdater:1122 - Updater busy. Cannot search thirdparties
2024-01-07 16:47:26,783 [INFO] ThirdPartyUpdaterWithRetryManager:92 - Updater plugin is busy. [15/15]
2024-01-07 16:47:26,783 [ERROR] IntegrityCheckThread:124 - Cannot retrieve database content from updater: error -1
2024-01-07 16:47:26,783 [INFO] ThirdParty:915 - Integrity check success = false
2024-01-07 16:47:26,783 [INFO] IntegrityCheckThread:94 - exiting critical section [integrity check]
2024-01-07 16:47:26,783 [INFO] IntegrityCheckThread:97 - End integrity checks thread
2024-01-07 16:47:48,878 [INFO] FileExtend:235 - Unzip File : cube-finder-db.zip
2024-01-07 16:47:48,878 [INFO] FileExtend:250 - Standard Zip Deflate
2024-01-07 16:47:50,372 [INFO] LoadUrlFilesThread:145 - End of LoadUrlFiles Thread
2024-01-07 16:47:53,847 [INFO] ServerAccessManage:362 - Download File crdb.zip
2024-01-07 16:47:55,730 [INFO] FileExtend:235 - Unzip File : crdb.zip
2024-01-07 16:47:55,730 [INFO] FileExtend:250 - Standard Zip Deflate
2024-01-07 16:47:55,877 [INFO] LoadUrlFilesThread:145 - End of LoadUrlFiles Thread
2024-01-07 16:47:56,250 [INFO] ServerAccessManage:362 - Download File tutoVideoDB.zip
2024-01-07 16:47:56,345 [INFO] FileExtend:235 - Unzip File : tutoVideoDB.zip
2024-01-07 16:47:56,345 [INFO] FileExtend:250 - Standard Zip Deflate
2024-01-07 16:47:56,451 [INFO] LoadUrlFilesThread:145 - End of LoadUrlFiles Thread
2024-01-07 16:47:56,457 [INFO] DbMcusAds:47 - JSON generation date=Wed Nov 29 17:52:27 ICT 2023 (1701255147349)
2024-01-07 16:47:56,465 [INFO] DbMcusDocs:143 - JSON generation date=Tue Nov 16 23:17:54 ICT 2021 (1637079474)
2024-01-07 16:47:56,465 [INFO] DbMcusXml:100 - Load MCU database from D:\DaiHoc\HK5\VXL\stm32cubeide_1.7.0\STM32CubeIDE\plugins\com.st.stm32cube.common.mx_6.3.0.202107141111\\db\/mcu/families.xml
2024-01-07 16:47:57,623 [INFO] DbMcusJson:93 - JSON generation date=Tue Nov 16 23:17:54 ICT 2021 (1637079474)
2024-01-07 16:47:58,518 [INFO] DbMcus:175 - Found 1951 MCUs (1903 are supported by CubeMX, 1914 are visible in CubeMX)
2024-01-07 16:47:58,525 [INFO] ApiDb:251 - Load user favorites file C:\Users\Admin/.stm32cubeide/favorites.mcus.txt: 0 item(s)
2024-01-07 16:47:58,525 [INFO] ApiDb:255 - User favorites MCUs=[]
2024-01-07 16:47:58,525 [INFO] DbMcus:187 - Set 0 / 0 favorites MCUs
2024-01-07 16:47:59,598 [INFO] DbMcusDocs:79 - Found 682 MCUs documents
2024-01-07 16:47:59,614 [INFO] ApiDb:276 - Save user favorites file C:\Users\Admin/.stm32cubeide/favorites.mcus.txt: 0 item(s)
2024-01-07 16:47:59,614 [INFO] ApiDb:280 - User favorites MCUs=[]
2024-01-07 16:47:59,614 [INFO] DbMcusXml:100 - Load MCU database from D:\DaiHoc\HK5\VXL\stm32cubeide_1.7.0\STM32CubeIDE\plugins\com.st.stm32cube.common.mx_6.3.0.202107141111\\db\/mcu/families.xml
2024-01-07 16:48:00,835 [INFO] DbMcusJson:93 - JSON generation date=Tue Nov 16 23:17:54 ICT 2021 (1637079474)
2024-01-07 16:48:01,789 [INFO] DbMcus:175 - Found 1951 MCUs (1903 are supported by CubeMX, 1914 are visible in CubeMX)
2024-01-07 16:48:01,789 [INFO] ApiDb:251 - Load user favorites file C:\Users\Admin/.stm32cubeide/favorites.mcus.txt: 0 item(s)
2024-01-07 16:48:01,789 [INFO] ApiDb:255 - User favorites MCUs=[]
2024-01-07 16:48:01,789 [INFO] DbMcus:187 - Set 0 / 0 favorites MCUs
2024-01-07 16:48:01,806 [INFO] DbBoardsDocs:143 - JSON generation date=Tue Nov 16 23:17:54 ICT 2021 (1637079474)
2024-01-07 16:48:01,821 [INFO] DbBoardsPdsc:90 - Found 25 items
2024-01-07 16:48:01,845 [INFO] DbBoardsPdsc:90 - Found 9 items
2024-01-07 16:48:01,852 [INFO] DbBoardsPdsc:90 - Found 33 items
2024-01-07 16:48:01,852 [INFO] DbBoardsPdsc:90 - Found 1 items
2024-01-07 16:48:01,868 [INFO] DbBoardsPdsc:90 - Found 48 items
2024-01-07 16:48:01,884 [INFO] DbBoardsPdsc:90 - Found 43 items
2024-01-07 16:48:01,884 [INFO] DbBoardsPdsc:90 - Found 2 items
2024-01-07 16:48:01,884 [INFO] DbBoardsPdsc:90 - Found 5 items
2024-01-07 16:48:01,900 [WARN] DbBoardsPdsc:254 - Board STM32H7B3I-DK: unknown feature type=Audio, name=, username=Audio stereo codec with Headphone Amp (CS42L51-CNZ), n=1
2024-01-07 16:48:01,900 [WARN] DbBoardsPdsc:254 - Board STM32H735G-DK: unknown feature type=Audio, name=, username=Audio stereo codec with Headphone Amp (WM8994ECS/R), n=1
2024-01-07 16:48:01,900 [WARN] DbBoardsPdsc:254 - Board STM32H7B3I-EVAL: unknown feature type=Audio, name=, username=Multi-Channel Audio Codec (CS42L51-CNZ), n=1
2024-01-07 16:48:01,900 [WARN] DbBoardsPdsc:254 - Board STM32H7B3I-EVAL: unknown feature type=Meter, name=, username=Power-metering and Temperature-monitoring with sigma-delta modulators, n=1
2024-01-07 16:48:01,900 [WARN] DbBoardsPdsc:254 - Board STM32H7B3I-EVAL: unknown feature type=Motor, name=, username=Motor Control, n=1
2024-01-07 16:48:01,900 [WARN] DbBoardsPdsc:254 - Board STM32U575I-EV: unknown feature type=joystick, name=, username=4-direction joystick with selection button, n=1
2024-01-07 16:48:01,948 [INFO] DbBoardsJson:86 - JSON generation date=Tue Nov 16 23:17:54 ICT 2021 (1637079474)
2024-01-07 16:48:01,949 [INFO] DbBoards:117 - Found 167 boards (163 are supported by CubeMX)
2024-01-07 16:48:01,963 [INFO] DbBoardsDocs:143 - JSON generation date=Tue Nov 16 23:17:54 ICT 2021 (1637079474)
2024-01-07 16:48:01,963 [INFO] DbBoardsDocs:79 - Found 209 boards documents
2024-01-07 16:48:01,963 [WARN] DbBoards:127 - board B-L475E-IOT01A2 has no document id list !
2024-01-07 16:48:01,963 [WARN] DbBoards:127 - board NUCLEO-H743ZI has no document id list !
2024-01-07 16:48:01,980 [WARN] DbBoards:127 - board NUCLEO-WL55JC2 has no document id list !
2024-01-07 16:48:01,980 [WARN] DbBoards:127 - board P-NUCLEO-WB55-Nucleo has no document id list !
2024-01-07 16:48:01,980 [WARN] DbBoards:127 - board P-NUCLEO-WB55-USBDongle has no document id list !
2024-01-07 16:48:01,980 [WARN] DbBoards:127 - board STEVAL-BFA001V1B has no document id list !
2024-01-07 16:48:01,980 [WARN] DbBoards:127 - board STEVAL-BFA001V2B has no document id list !
2024-01-07 16:48:01,980 [WARN] DbBoards:127 - board STEVAL-IDP005V1 has no document id list !
2024-01-07 16:48:01,980 [WARN] DbBoards:127 - board STEVAL-IDP005V2 has no document id list !
2024-01-07 16:48:01,980 [WARN] DbBoards:127 - board STEVAL-MKSBOX1V1 has no document id list !
2024-01-07 16:48:01,980 [WARN] DbBoards:127 - board STEVAL-STWINKT1 has no document id list !
2024-01-07 16:48:01,980 [WARN] DbBoards:127 - board STEVAL-STWINKT1B has no document id list !
2024-01-07 16:48:01,980 [WARN] DbBoards:127 - board STM32439I-EVAL2 has no document id list !
2024-01-07 16:48:01,980 [WARN] DbBoards:127 - board STM32F401C-DISCO has no document id list !
2024-01-07 16:48:01,980 [WARN] DbBoards:127 - board STM32F769I-DISC1 has no document id list !
2024-01-07 16:48:01,980 [WARN] DbBoards:127 - board STM32G474E-EVAL1 has no document id list !
2024-01-07 16:48:01,980 [WARN] DbBoards:127 - board STM32H743I-EVAL2 has no document id list !
2024-01-07 16:48:01,980 [WARN] DbBoards:127 - board STM32H747I-DISC1 has no document id list !
2024-01-07 16:48:01,980 [WARN] DbBoards:127 - board STM32H753I-EVAL2 has no document id list !
2024-01-07 16:48:01,980 [WARN] DbBoards:127 - board STM32L-DISCOVERY has no document id list !
2024-01-07 16:48:02,219 [ERROR] DbBoards:189 - Image file not found for board B-U585I-IOT02A: D:\DaiHoc\HK5\VXL\stm32cubeide_1.7.0\STM32CubeIDE\plugins\com.st.stm32cube.common.mx_6.3.0.202107141111\\db\/plugins/mcufinder/images/boards/B-U585I-IOT02A_small.jpg
2024-01-07 16:48:02,425 [ERROR] DbBoards:189 - Image file not found for board NUCLEO-F413ZH: D:\DaiHoc\HK5\VXL\stm32cubeide_1.7.0\STM32CubeIDE\plugins\com.st.stm32cube.common.mx_6.3.0.202107141111\\db\/plugins/mcufinder/images/boards/nucleo-f413zh_small.jpg
2024-01-07 16:48:02,827 [ERROR] DbBoards:189 - Image file not found for board NUCLEO-L552ZE-Q: D:\DaiHoc\HK5\VXL\stm32cubeide_1.7.0\STM32CubeIDE\plugins\com.st.stm32cube.common.mx_6.3.0.202107141111\\db\/plugins/mcufinder/images/boards/nucleo_l552ze_q_small.jpg
2024-01-07 16:48:02,827 [ERROR] DbBoards:189 - Image file not found for board NUCLEO-U575ZI-Q: D:\DaiHoc\HK5\VXL\stm32cubeide_1.7.0\STM32CubeIDE\plugins\com.st.stm32cube.common.mx_6.3.0.202107141111\\db\/plugins/mcufinder/images/boards/nucleo-u575zi-q_small.jpg
2024-01-07 16:48:02,827 [ERROR] DbBoards:189 - Image file not found for board NUCLEO-WB15CC: D:\DaiHoc\HK5\VXL\stm32cubeide_1.7.0\STM32CubeIDE\plugins\com.st.stm32cube.common.mx_6.3.0.202107141111\\db\/plugins/mcufinder/images/boards/nucleo-wb15cc_small.jpg
2024-01-07 16:48:02,827 [ERROR] DbBoards:189 - Image file not found for board NUCLEO-WB55RG: D:\DaiHoc\HK5\VXL\stm32cubeide_1.7.0\STM32CubeIDE\plugins\com.st.stm32cube.common.mx_6.3.0.202107141111\\db\/plugins/mcufinder/images/boards/nucleo-wb55rg_small.jpg
2024-01-07 16:48:05,098 [INFO] ApiDb:251 - Load user favorites file C:\Users\Admin/.stm32cubeide/favorites.boards.txt: 0 item(s)
2024-01-07 16:48:05,098 [INFO] ApiDb:255 - User favorites Boards=[]
2024-01-07 16:48:05,098 [INFO] DbBoards:206 - Set 0 / 0 favorites Boards
2024-01-07 16:48:05,098 [INFO] DbBoardsDocs:79 - Found 418 boards documents
2024-01-07 16:48:05,098 [INFO] ApiDb:276 - Save user favorites file C:\Users\Admin/.stm32cubeide/favorites.boards.txt: 0 item(s)
2024-01-07 16:48:05,098 [INFO] ApiDb:280 - User favorites Boards=[]
2024-01-07 16:48:05,098 [INFO] DbBoardsPdsc:90 - Found 25 items
2024-01-07 16:48:05,115 [INFO] DbBoardsPdsc:90 - Found 9 items
2024-01-07 16:48:05,122 [INFO] DbBoardsPdsc:90 - Found 33 items
2024-01-07 16:48:05,122 [INFO] DbBoardsPdsc:90 - Found 1 items
2024-01-07 16:48:05,129 [INFO] DbBoardsPdsc:90 - Found 48 items
2024-01-07 16:48:05,145 [INFO] DbBoardsPdsc:90 - Found 43 items
2024-01-07 16:48:05,145 [INFO] DbBoardsPdsc:90 - Found 2 items
2024-01-07 16:48:05,145 [INFO] DbBoardsPdsc:90 - Found 5 items
2024-01-07 16:48:05,145 [WARN] DbBoardsPdsc:254 - Board STM32H7B3I-DK: unknown feature type=Audio, name=, username=Audio stereo codec with Headphone Amp (CS42L51-CNZ), n=1
2024-01-07 16:48:05,145 [WARN] DbBoardsPdsc:254 - Board STM32H735G-DK: unknown feature type=Audio, name=, username=Audio stereo codec with Headphone Amp (WM8994ECS/R), n=1
2024-01-07 16:48:05,145 [WARN] DbBoardsPdsc:254 - Board STM32H7B3I-EVAL: unknown feature type=Audio, name=, username=Multi-Channel Audio Codec (CS42L51-CNZ), n=1
2024-01-07 16:48:05,145 [WARN] DbBoardsPdsc:254 - Board STM32H7B3I-EVAL: unknown feature type=Meter, name=, username=Power-metering and Temperature-monitoring with sigma-delta modulators, n=1
2024-01-07 16:48:05,145 [WARN] DbBoardsPdsc:254 - Board STM32H7B3I-EVAL: unknown feature type=Motor, name=, username=Motor Control, n=1
2024-01-07 16:48:05,161 [WARN] DbBoardsPdsc:254 - Board STM32U575I-EV: unknown feature type=joystick, name=, username=4-direction joystick with selection button, n=1
2024-01-07 16:48:05,271 [INFO] DbBoardsJson:86 - JSON generation date=Tue Nov 16 23:17:54 ICT 2021 (1637079474)
2024-01-07 16:48:05,287 [INFO] DbBoards:117 - Found 167 boards (163 are supported by CubeMX)
2024-01-07 16:48:05,287 [WARN] DbBoards:127 - board B-L475E-IOT01A2 has no document id list !
2024-01-07 16:48:05,287 [WARN] DbBoards:127 - board NUCLEO-H743ZI has no document id list !
2024-01-07 16:48:05,287 [WARN] DbBoards:127 - board NUCLEO-WL55JC2 has no document id list !
2024-01-07 16:48:05,287 [WARN] DbBoards:127 - board P-NUCLEO-WB55-Nucleo has no document id list !
2024-01-07 16:48:05,287 [WARN] DbBoards:127 - board P-NUCLEO-WB55-USBDongle has no document id list !
2024-01-07 16:48:05,287 [WARN] DbBoards:127 - board STEVAL-BFA001V1B has no document id list !
2024-01-07 16:48:05,287 [WARN] DbBoards:127 - board STEVAL-BFA001V2B has no document id list !
2024-01-07 16:48:05,287 [WARN] DbBoards:127 - board STEVAL-IDP005V1 has no document id list !
2024-01-07 16:48:05,287 [WARN] DbBoards:127 - board STEVAL-IDP005V2 has no document id list !
2024-01-07 16:48:05,287 [WARN] DbBoards:127 - board STEVAL-MKSBOX1V1 has no document id list !
2024-01-07 16:48:05,287 [WARN] DbBoards:127 - board STEVAL-STWINKT1 has no document id list !
2024-01-07 16:48:05,287 [WARN] DbBoards:127 - board STEVAL-STWINKT1B has no document id list !
2024-01-07 16:48:05,287 [WARN] DbBoards:127 - board STM32439I-EVAL2 has no document id list !
2024-01-07 16:48:05,287 [WARN] DbBoards:127 - board STM32F401C-DISCO has no document id list !
2024-01-07 16:48:05,287 [WARN] DbBoards:127 - board STM32F769I-DISC1 has no document id list !
2024-01-07 16:48:05,287 [WARN] DbBoards:127 - board STM32G474E-EVAL1 has no document id list !
2024-01-07 16:48:05,287 [WARN] DbBoards:127 - board STM32H743I-EVAL2 has no document id list !
2024-01-07 16:48:05,287 [WARN] DbBoards:127 - board STM32H747I-DISC1 has no document id list !
2024-01-07 16:48:05,287 [WARN] DbBoards:127 - board STM32H753I-EVAL2 has no document id list !
2024-01-07 16:48:05,287 [WARN] DbBoards:127 - board STM32L-DISCOVERY has no document id list !
2024-01-07 16:48:05,461 [ERROR] DbBoards:189 - Image file not found for board B-U585I-IOT02A: D:\DaiHoc\HK5\VXL\stm32cubeide_1.7.0\STM32CubeIDE\plugins\com.st.stm32cube.common.mx_6.3.0.202107141111\\db\/plugins/mcufinder/images/boards/B-U585I-IOT02A_small.jpg
2024-01-07 16:48:05,643 [ERROR] DbBoards:189 - Image file not found for board NUCLEO-F413ZH: D:\DaiHoc\HK5\VXL\stm32cubeide_1.7.0\STM32CubeIDE\plugins\com.st.stm32cube.common.mx_6.3.0.202107141111\\db\/plugins/mcufinder/images/boards/nucleo-f413zh_small.jpg
2024-01-07 16:48:06,021 [ERROR] DbBoards:189 - Image file not found for board NUCLEO-L552ZE-Q: D:\DaiHoc\HK5\VXL\stm32cubeide_1.7.0\STM32CubeIDE\plugins\com.st.stm32cube.common.mx_6.3.0.202107141111\\db\/plugins/mcufinder/images/boards/nucleo_l552ze_q_small.jpg
2024-01-07 16:48:06,021 [ERROR] DbBoards:189 - Image file not found for board NUCLEO-U575ZI-Q: D:\DaiHoc\HK5\VXL\stm32cubeide_1.7.0\STM32CubeIDE\plugins\com.st.stm32cube.common.mx_6.3.0.202107141111\\db\/plugins/mcufinder/images/boards/nucleo-u575zi-q_small.jpg
2024-01-07 16:48:06,021 [ERROR] DbBoards:189 - Image file not found for board NUCLEO-WB15CC: D:\DaiHoc\HK5\VXL\stm32cubeide_1.7.0\STM32CubeIDE\plugins\com.st.stm32cube.common.mx_6.3.0.202107141111\\db\/plugins/mcufinder/images/boards/nucleo-wb15cc_small.jpg
2024-01-07 16:48:06,021 [ERROR] DbBoards:189 - Image file not found for board NUCLEO-WB55RG: D:\DaiHoc\HK5\VXL\stm32cubeide_1.7.0\STM32CubeIDE\plugins\com.st.stm32cube.common.mx_6.3.0.202107141111\\db\/plugins/mcufinder/images/boards/nucleo-wb55rg_small.jpg
2024-01-07 16:48:07,655 [INFO] ApiDb:251 - Load user favorites file C:\Users\Admin/.stm32cubeide/favorites.boards.txt: 0 item(s)
2024-01-07 16:48:07,655 [INFO] ApiDb:255 - User favorites Boards=[]
2024-01-07 16:48:07,655 [INFO] DbBoards:206 - Set 0 / 0 favorites Boards
2024-01-07 16:48:07,671 [INFO] LoadUrlFilesThread:172 - End of LoadServerUrlFiles without Thread
2024-01-07 16:48:07,671 [INFO] TargetSelectorAdapter:224 - Refresh data is successful
2024-01-07 16:48:07,845 [INFO] ApiDb:479 - Connected to CubeFinder SQLite database (C:\Users\Admin\.stmcufinder\plugins\mcufinder\mcu\cube-finder-db.db)
2024-01-07 16:48:09,305 [ERROR] DbExamplesSqlite:446 - Missing JSON key: board_cpn
2024-01-07 16:48:09,305 [ERROR] DbExamplesSqlite:446 - Missing JSON key: board_cpn
2024-01-07 16:48:09,305 [ERROR] DbExamplesSqlite:446 - Missing JSON key: board_cpn
2024-01-07 16:48:09,305 [ERROR] DbExamplesSqlite:446 - Missing JSON key: board_cpn
2024-01-07 16:48:09,348 [INFO] DbExamplesSqlite:411 - Ignored 55 examples not supported by CubeIDE
2024-01-07 16:48:09,348 [INFO] DbExamplesSqlite:412 - Found 7560 examples active
2024-01-07 16:48:09,348 [INFO] DbExamplesSqlite:413 - Found 844 examples obsolete
2024-01-07 16:48:09,348 [INFO] DbExamplesSqlite:414 - Found 0 examples under development
2024-01-07 16:48:09,348 [INFO] DbExamplesSqlite:415 - Found 8 examples not building
2024-01-07 16:48:09,417 [INFO] DbExamplesSqlite:108 - CubeFinder database Data Model version=2.1
2024-01-07 16:48:09,417 [INFO] DbExamplesSqlite:109 - CubeFinder database Configuration version=3.0.39
2024-01-07 16:48:09,417 [INFO] DbExamplesSqlite:110 - CubeFinder database generation date=2023-12-08 (1702028721)
2024-01-07 16:48:09,417 [INFO] DbExamplesSqlite:111 - CubeFinder database FW Pack versions=[FP-ATR-ASTRA1_V2.0.0, FP-SNS-FLIGHT1_V5.0.1, FP-SNS-FLIGHT1_V5.0.2, FP-SNS-MOTENV1_V4.3.1, FP-SNS-MOTENV1_V4.3.2, FP-SNS-MOTENVWB1_V1.3.1, FP-SNS-SMARTAG2_V1.2.0, STM32Cube_FW_C0_V1.1.0, STM32Cube_FW_F4_V1.28.0, STM32Cube_FW_F7_V1.17.0, STM32Cube_FW_G0_V1.6.1, STM32Cube_FW_G4_V1.5.1, STM32Cube_FW_H5_V0.5.1, STM32Cube_FW_H5_V1.1.1, STM32Cube_FW_H5_V1.2.0RC2, STM32Cube_FW_H7_V1.11.0, STM32Cube_FW_L0_V1.12.2, STM32Cube_FW_L5_V1.5.0, STM32Cube_FW_U5_V1.3.0RC4, STM32Cube_FW_U5_V1.4.0, STM32Cube_FW_WBA_V1.0.0RC1, STM32Cube_FW_WBA_V1.1.0RC1, STM32Cube_FW_WBA_V1.2.0, STM32Cube_FW_WBA_V1.2.0RC2, STM32Cube_FW_WB_V1.15.0RC1, STM32Cube_FW_WB_V1.16.0, STM32Cube_FW_WB_V1.16.0RC2, STM32Cube_FW_WB_V1.18.0, STM32Cube_FW_WL_V1.3.0, X-CUBE-ALGOBUILD_V1.3.0, X-CUBE-ALS_V1.0.1, X-CUBE-AZRTOS-F4_V1.1.0, X-CUBE-AZRTOS-F7_V1.1.0, X-CUBE-AZRTOS-G0_V1.1.0, X-CUBE-AZRTOS-G4_V2.0.0, X-CUBE-AZRTOS-H7_V3.1.0, X-CUBE-AZRTOS-L4_V1.0.0, X-CUBE-AZRTOS-L4_V2.0.0, X-CUBE-AZRTOS-L5_V1.1.0, X-CUBE-AZRTOS-WB_V2.0.0, X-CUBE-AZRTOS-WL_V2.0.0, X-CUBE-BLE1_V7.0.0, X-CUBE-BLE2_V3.3.0, X-CUBE-BLEMGR_V3.0.0, X-CUBE-EEPRMA1_V4.1.0, X-CUBE-EEPRMA1_V4.2.0, X-CUBE-FREERTOS_V1.1.0, X-CUBE-GNSS1_V6.0.0, X-CUBE-MEMS1_V10.0.0, X-CUBE-MEMS1_V9.1.0, X-CUBE-MEMS1_V9.4.0, X-CUBE-MEMS1_V9.6.0, X-CUBE-NFC4_V3.0.0, X-CUBE-NFC7_V1.0.1, X-CUBE-SFXS2LP1_V4.0.0, X-CUBE-SUBG2_V5.0.0, X-CUBE-TOF1_V3.4.0]
2024-01-07 16:48:09,417 [INFO] DbExamples:130 - Found 7513 examples
2024-01-07 16:48:10,757 [ERROR] DbExamples:206 - Found 7513 examples with invalid data (board or MCU)
2024-01-07 16:48:10,757 [INFO] DbExamples:222 - Found 79 boards with related examples
2024-01-07 16:48:10,757 [INFO] DbExamples:235 - Found 0 MCUs with related examples
2024-01-07 16:48:10,804 [INFO] ApiDb:242 - User favorites file not found: C:\Users\Admin/.stm32cubeide/favorites.examples.txt
2024-01-07 16:48:10,804 [INFO] DbExamples:256 - Set 0 / 0 favorites Examples
2024-01-07 16:48:11,034 [INFO] McuFinderGlobals:52 - Set McuFinderConnectedMode to false
2024-01-07 16:48:11,225 [INFO] CrossSelectorPresenter:1330 - Cross Selector saved comparison directory: C:\Users\Admin\.stmcufinder\plugins\mcufinder\mcu\cs_comparisons_mx
2024-01-07 16:48:11,225 [INFO] MultiScanPanel:197 - Auto-refresh data requested => check proxy status ongoing
2024-01-07 16:48:11,225 [INFO] MultiScanPanel:201 - Proxy status is invalid
2024-01-07 16:48:11,239 [INFO] FinderPluginLoader:87 - Searching for filters in installed packs
2024-01-07 16:48:12,094 [INFO] DetailPanel:309 - Set advertising image to C:/Users/Admin/STM32Cube/Repository/\en.prom-stm32wl3-mcu-finder.jpg
2024-01-07 16:54:28,597 [INFO] MainUpdater:2671 - connection check result : 10
2024-01-07 16:54:28,597 [INFO] MainUpdater:2671 - connection check result : 10
2024-01-07 16:54:28,692 [INFO] MicroXplorer:448 - Change Database Path : 
2024-01-07 16:54:28,692 [INFO] MicroXplorer:478 - Change Database Version : DB.6.0.30
2024-01-07 16:54:28,692 [WARN] ThirdParty:813 - waiting for thirdparty lock release [close project]
2024-01-07 16:54:28,692 [INFO] ThirdParty:815 - entering critical section [close project]
2024-01-07 16:54:28,692 [INFO] ThirdParty:825 - exiting critical section [close project]
2024-01-07 16:54:28,703 [INFO] PinOutPanel:1463 - setPackage(No Configuration,No Configuration)
2024-01-07 16:54:28,703 [INFO] UtilMem:74 - Begin LoadConfig() Used Memory: 772715920 Bytes (1019215872)
2024-01-07 16:54:28,705 [INFO] MicroXplorer:448 - Change Database Path : 
2024-01-07 16:54:28,705 [INFO] MicroXplorer:478 - Change Database Version : DB.6.0.30
2024-01-07 16:54:28,705 [INFO] OpenFileManager:313 - Change cursor
2024-01-07 16:54:28,731 [WARN] IntegrityCheckThread:78 - waiting for thirdparty lock release [integrity check]
2024-01-07 16:54:28,731 [INFO] IntegrityCheckThread:80 - entering critical section [integrity check]
2024-01-07 16:54:29,025 [ERROR] Engine:463 - C:\Users\Admin\.stm32cubemx\thirdparties\pdsc\STMicroelectronics.X-CUBE-SMBUS.2.1.0.pdsc: PDSC version is not supported
2024-01-07 16:54:29,039 [WARN] PackLoader:238 - Cannot read IP mode file for STMicroelectronics.X-CUBE-TOUCHGFX.4.23.0
2024-01-07 16:54:29,086 [WARN] PackLoader:238 - Cannot read IP mode file for STMicroelectronics.X-CUBE-AZRTOS-F7.1.1.0
2024-01-07 16:54:29,087 [ERROR] Engine:463 - C:\Users\Admin\.stm32cubemx\thirdparties\pdsc\STMicroelectronics.FP-SNS-MOTENV1.4.3.2.pdsc: PDSC version is not supported
2024-01-07 16:54:29,103 [ERROR] Engine:463 - C:\Users\Admin\.stm32cubemx\thirdparties\pdsc\STMicroelectronics.FP-SNS-FLIGHT1.5.0.2.pdsc: PDSC version is not supported
2024-01-07 16:54:29,103 [ERROR] Engine:463 - C:\Users\Admin\.stm32cubemx\thirdparties\pdsc\STMicroelectronics.X-CUBE-DISPLAY.3.0.0.pdsc: PDSC version is not supported
2024-01-07 16:54:29,119 [WARN] PackLoader:238 - Cannot read IP mode file for STMicroelectronics.X-CUBE-BLE1.7.0.0
2024-01-07 16:54:29,135 [ERROR] Engine:463 - C:\Users\Admin\.stm32cubemx\thirdparties\pdsc\emotas.I-CUBE-CANOPEN.1.3.0.pdsc: PDSC version is not supported
2024-01-07 16:54:29,141 [WARN] PackLoader:238 - Cannot read IP mode file for STMicroelectronics.X-CUBE-TOUCHGFX.4.22.0
2024-01-07 16:54:29,141 [WARN] PackLoader:238 - Cannot read IP mode file for STMicroelectronics.X-CUBE-TOUCHGFX.4.22.1
2024-01-07 16:54:29,150 [ERROR] Engine:463 - C:\Users\Admin\.stm32cubemx\thirdparties\pdsc\STMicroelectronics.FP-SNS-SMARTAG2.1.2.0.pdsc: PDSC version is not supported
2024-01-07 16:54:29,165 [INFO] LogOutputStream:76 - [STDOUT_REDIRECT] 1 : Invalid condition id : UX_CORESTACK_Condition cause : null
2024-01-07 16:54:29,175 [INFO] LogOutputStream:76 - [STDOUT_REDIRECT] 1 : Invalid condition id : UX_CORESTACK_Condition cause : null
2024-01-07 16:54:29,175 [INFO] LogOutputStream:76 - [STDOUT_REDIRECT] 1 : Invalid condition id : UX_CORESTACK_Condition cause : null
2024-01-07 16:54:29,175 [INFO] LogOutputStream:76 - [STDOUT_REDIRECT] 1 : Invalid condition id : UX_CORESTACK_Condition cause : null
2024-01-07 16:54:29,181 [INFO] LogOutputStream:76 - [STDOUT_REDIRECT] 1 : Invalid condition id : UX_CORESTACK_Condition cause : null
2024-01-07 16:54:29,181 [WARN] PackLoader:238 - Cannot read IP mode file for STMicroelectronics.X-CUBE-AZRTOS-WL.2.0.0
2024-01-07 16:54:29,198 [WARN] PackLoader:238 - Cannot read IP mode file for WES.I-CUBE-Cesium.1.3.0
2024-01-07 16:54:29,212 [WARN] PackLoader:238 - Cannot read IP mode file for STMicroelectronics.X-CUBE-BLE2.3.3.0
2024-01-07 16:54:29,228 [WARN] PackLoader:238 - Cannot read IP mode file for STMicroelectronics.X-CUBE-ALGOBUILD.1.3.0
2024-01-07 16:54:29,260 [WARN] PackLoader:238 - Cannot read IP mode file for STMicroelectronics.X-CUBE-AZRTOS-G0.1.1.0
2024-01-07 16:54:29,275 [WARN] PackLoader:238 - Cannot read IP mode file for STMicroelectronics.X-CUBE-NFC4.3.0.0
2024-01-07 16:54:29,293 [ERROR] Engine:463 - C:\Users\Admin\.stm32cubemx\thirdparties\pdsc\STMicroelectronics.X-CUBE-BLEMGR.3.0.0.pdsc: PDSC version is not supported
2024-01-07 16:54:29,293 [WARN] PackLoader:238 - Cannot read IP mode file for STMicroelectronics.FP-ATR-SIGFOX1.3.2.0
2024-01-07 16:54:29,356 [WARN] PackLoader:238 - Cannot read IP mode file for SEGGER.I-CUBE-embOS.1.3.1
2024-01-07 16:54:29,450 [WARN] PackLoader:238 - Cannot read IP mode file for STMicroelectronics.X-CUBE-GNSS1.6.0.0
2024-01-07 16:54:29,496 [WARN] PackLoader:238 - Cannot read IP mode file for STMicroelectronics.X-CUBE-AZRTOS-F4.1.1.0
2024-01-07 16:54:29,513 [WARN] PackLoader:238 - Cannot read IP mode file for wolfSSL.I-CUBE-wolfSSL.5.6.3
2024-01-07 16:54:29,543 [WARN] PackLoader:238 - Cannot read IP mode file for STMicroelectronics.X-CUBE-AZRTOS-L5.2.0.0
2024-01-07 16:54:29,654 [WARN] PackLoader:238 - Cannot read IP mode file for STMicroelectronics.X-CUBE-MEMS1.9.6.0
2024-01-07 16:54:29,966 [WARN] PackLoader:238 - Cannot read IP mode file for STMicroelectronics.X-CUBE-EEPRMA1.4.2.0
2024-01-07 16:54:29,966 [ERROR] Engine:463 - C:\Users\Admin\.stm32cubemx\thirdparties\pdsc\ITTIA_DB.I-CUBE-ITTIADB.8.8.0.pdsc: PDSC version is not supported
2024-01-07 16:54:29,981 [WARN] PackLoader:238 - Cannot read IP mode file for STMicroelectronics.X-CUBE-BLEMGR.2.0.0
2024-01-07 16:54:30,045 [WARN] ConditionMgr:437 - getConditionDescription Invalid condition id : UX DEVICE CLASS RTOS Condition cause : null
2024-01-07 16:54:30,045 [WARN] ConditionMgr:437 - getConditionDescription Invalid condition id : UX DEVICE CLASS RTOS Condition cause : null
2024-01-07 16:54:30,045 [WARN] PackLoader:238 - Cannot read IP mode file for STMicroelectronics.X-CUBE-AZRTOS-H7.3.1.0
2024-01-07 16:54:30,045 [WARN] ConditionMgr:1038 - genDependencies : Invalid condition id : UX DEVICE CLASS RTOS Condition cause : null
2024-01-07 16:54:30,045 [WARN] ConditionMgr:1038 - genDependencies : Invalid condition id : UX DEVICE CLASS RTOS Condition cause : null
2024-01-07 16:54:30,045 [WARN] ConditionMgr:1038 - genDependencies : Invalid condition id : UX DEVICE CLASS RTOS Condition cause : null
2024-01-07 16:54:30,045 [WARN] ConditionMgr:1038 - genDependencies : Invalid condition id : UX DEVICE CLASS RTOS Condition cause : null
2024-01-07 16:54:30,045 [WARN] ConditionMgr:1038 - genDependencies : Invalid condition id : UX DEVICE CLASS RTOS Condition cause : null
2024-01-07 16:54:30,061 [WARN] PackLoader:238 - Cannot read IP mode file for STMicroelectronics.X-CUBE-NFC7.1.0.1
2024-01-07 16:54:30,077 [WARN] PackLoader:238 - Cannot read IP mode file for STMicroelectronics.X-CUBE-NFC6.3.0.0
2024-01-07 16:54:30,111 [WARN] PackLoader:238 - Cannot read IP mode file for STMicroelectronics.X-CUBE-EEPRMA1.4.1.0
2024-01-07 16:54:30,125 [WARN] PackLoader:238 - Cannot read IP mode file for STMicroelectronics.X-CUBE-AI.8.1.0
2024-01-07 16:54:30,156 [WARN] ConditionMgr:437 - getConditionDescription Invalid condition id : LAN8742 Phy interface Condition cause : null
2024-01-07 16:54:30,156 [WARN] PackLoader:238 - Cannot read IP mode file for STMicroelectronics.X-CUBE-AZRTOS-L4.2.0.0
2024-01-07 16:54:30,156 [WARN] ConditionMgr:1038 - genDependencies : Invalid condition id : LAN8742 Phy interface Condition cause : null
2024-01-07 16:54:30,156 [WARN] ConditionMgr:1038 - genDependencies : Invalid condition id : LAN8742 Phy interface Condition cause : null
2024-01-07 16:54:30,172 [WARN] ConditionMgr:1038 - genDependencies : Invalid condition id : LAN8742 Phy interface Condition cause : null
2024-01-07 16:54:30,187 [WARN] PackLoader:238 - Cannot read IP mode file for STMicroelectronics.X-CUBE-SFXS2LP1.4.0.0
2024-01-07 16:54:30,188 [WARN] PackLoader:238 - Cannot read IP mode file for STMicroelectronics.X-CUBE-ISPU.1.1.0
2024-01-07 16:54:30,222 [WARN] ConditionMgr:437 - getConditionDescription Invalid condition id : UX DEVICE CLASS RTOS Condition cause : null
2024-01-07 16:54:30,222 [WARN] ConditionMgr:437 - getConditionDescription Invalid condition id : UX DEVICE CLASS RTOS Condition cause : null
2024-01-07 16:54:30,222 [WARN] PackLoader:238 - Cannot read IP mode file for STMicroelectronics.X-CUBE-AZRTOS-WB.2.0.0
2024-01-07 16:54:30,235 [WARN] ConditionMgr:1038 - genDependencies : Invalid condition id : UX DEVICE CLASS RTOS Condition cause : null
2024-01-07 16:54:30,235 [WARN] ConditionMgr:1038 - genDependencies : Invalid condition id : UX DEVICE CLASS RTOS Condition cause : null
2024-01-07 16:54:30,236 [WARN] ConditionMgr:1038 - genDependencies : Invalid condition id : UX DEVICE CLASS RTOS Condition cause : null
2024-01-07 16:54:30,236 [WARN] ConditionMgr:1038 - genDependencies : Invalid condition id : UX DEVICE CLASS RTOS Condition cause : null
2024-01-07 16:54:30,236 [WARN] ConditionMgr:1038 - genDependencies : Invalid condition id : UX DEVICE CLASS RTOS Condition cause : null
2024-01-07 16:54:30,251 [WARN] PackLoader:238 - Cannot read IP mode file for STMicroelectronics.X-CUBE-SUBG2.5.0.0
2024-01-07 16:54:30,267 [ERROR] Engine:463 - C:\Users\Admin\.stm32cubemx\thirdparties\pdsc\STMicroelectronics.X-CUBE-TOF1.3.3.1.pdsc: PDSC version is not supported
2024-01-07 16:54:30,282 [WARN] PackLoader:238 - Cannot read IP mode file for STMicroelectronics.X-CUBE-AZRTOS-G4.2.0.0
2024-01-07 16:54:30,298 [ERROR] Engine:463 - C:\Users\Admin\.stm32cubemx\thirdparties\pdsc\Infineon.AIROC-Wi-Fi-Bluetooth-STM32.1.5.1.pdsc: PDSC version is not supported
2024-01-07 16:54:30,298 [ERROR] Engine:463 - C:\Users\Admin\.stm32cubemx\thirdparties\pdsc\STMicroelectronics.FP-SNS-MOTENVWB1.1.3.0.pdsc: PDSC version is not supported
2024-01-07 16:54:30,298 [ERROR] Engine:463 - C:\Users\Admin\.stm32cubemx\thirdparties\pdsc\STMicroelectronics.FP-SNS-MOTENVWB1.1.3.1.pdsc: PDSC version is not supported
2024-01-07 16:54:30,313 [WARN] PackLoader:238 - Cannot read IP mode file for STMicroelectronics.X-CUBE-ISPU.2.0.0
2024-01-07 16:54:30,394 [WARN] PackLoader:238 - Cannot read IP mode file for STMicroelectronics.X-CUBE-MEMS1.10.0.0
2024-01-07 16:54:30,677 [ERROR] Engine:463 - C:\Users\Admin\.stm32cubemx\thirdparties\pdsc\STMicroelectronics.X-CUBE-FREERTOS.1.1.0.pdsc: PDSC version is not supported
2024-01-07 16:54:30,694 [WARN] PackLoader:238 - Cannot read IP mode file for portGmbH.I-Cube-SoM-uGOAL.1.1.0
2024-01-07 16:54:30,694 [WARN] PackLoader:238 - Cannot read IP mode file for STMicroelectronics.X-CUBE-ALS.1.0.1
2024-01-07 16:54:30,709 [WARN] PackLoader:238 - Cannot read IP mode file for STMicroelectronics.FP-ATR-ASTRA1.2.0.0
2024-01-07 16:54:30,726 [ERROR] Engine:463 - C:\Users\Admin\.stm32cubemx\thirdparties\pdsc\STMicroelectronics.X-CUBE-TOF1.3.4.0.pdsc: PDSC version is not supported
2024-01-07 16:54:30,757 [WARN] PackLoader:238 - Cannot read IP mode file for STMicroelectronics.X-CUBE-AZRTOS-H7.3.2.0
2024-01-07 16:54:30,772 [INFO] ThirdParty:915 - Integrity check success = true
2024-01-07 16:54:30,772 [INFO] IntegrityCheckThread:94 - exiting critical section [integrity check]
2024-01-07 16:54:30,772 [INFO] IntegrityCheckThread:97 - End integrity checks thread
2024-01-07 16:54:31,863 [INFO] Context:592 - Trying to add GPIOservice into a context  which must be forbidden
2024-01-07 16:54:32,206 [INFO] ImportTextPane:167 - (OptionalMessage_ERROR) Unable to find key (Mcu.ThirdPartyNb) in loaded IOC file
2024-01-07 16:54:32,206 [INFO] ImportTextPane:167 - (OptionalMessage_ERROR) Unable to find key (Mcu.PinsNb) in loaded IOC file
2024-01-07 16:54:32,206 [INFO] ImportTextPane:167 - (OptionalMessage_ERROR) Unable to find key (Mcu.IPNb) in loaded IOC file
2024-01-07 16:54:32,276 [WARN] ApiManager:304 - Cannot register API 'Board Extension:GNSS1A1' from pack STMicroelectronics.X-CUBE-GNSS1.6.0.0: no header file found
2024-01-07 16:54:32,276 [WARN] ApiManager:304 - Cannot register API 'Board Support:Custom' from pack STMicroelectronics.X-CUBE-GNSS1.6.0.0: no header file found
2024-01-07 16:54:32,276 [WARN] ApiManager:304 - Cannot register API 'Data Exchange:lib_gnss' from pack STMicroelectronics.X-CUBE-GNSS1.6.0.0: no header file found
2024-01-07 16:54:32,702 [WARN] ApiManager:304 - Cannot register API 'Board Extension:IKS01A3' from pack STMicroelectronics.X-CUBE-MEMS1.9.6.0: no header file found
2024-01-07 16:54:32,702 [WARN] ApiManager:304 - Cannot register API 'Board Extension:IKS01A2' from pack STMicroelectronics.X-CUBE-MEMS1.9.6.0: no header file found
2024-01-07 16:54:32,702 [WARN] ApiManager:304 - Cannot register API 'Board Extension:IKS02A1' from pack STMicroelectronics.X-CUBE-MEMS1.9.6.0: no header file found
2024-01-07 16:54:32,720 [WARN] ApiManager:304 - Cannot register API 'Board Extension:EEPRMA2' from pack STMicroelectronics.X-CUBE-EEPRMA1.4.2.0: no header file found
2024-01-07 16:54:32,720 [WARN] ApiManager:304 - Cannot register API 'Board Extension:PGEEZ1' from pack STMicroelectronics.X-CUBE-EEPRMA1.4.2.0: no header file found
2024-01-07 16:54:32,720 [WARN] ApiManager:304 - Cannot register API 'Board Part:M24' from pack STMicroelectronics.X-CUBE-EEPRMA1.4.2.0: no header file found
2024-01-07 16:54:32,720 [WARN] ApiManager:304 - Cannot register API 'Board Part:M95' from pack STMicroelectronics.X-CUBE-EEPRMA1.4.2.0: no header file found
2024-01-07 16:54:32,720 [WARN] ApiManager:304 - Cannot register API 'Board Part:M95P32' from pack STMicroelectronics.X-CUBE-EEPRMA1.4.2.0: no header file found
2024-01-07 16:54:32,720 [WARN] ApiManager:304 - Cannot register API 'PGEEZ1:SPI' from pack STMicroelectronics.X-CUBE-EEPRMA1.4.2.0: no header file found
2024-01-07 16:54:32,720 [WARN] ApiManager:304 - Cannot register API 'PGEEZ1:QDSPI' from pack STMicroelectronics.X-CUBE-EEPRMA1.4.2.0: no header file found
2024-01-07 16:54:32,734 [INFO] RtosManager:484 - Registered RTOS mode: class=CMSIS, group=RTOS, mode=CMSIS_V1, owner=FREERTOS
2024-01-07 16:54:32,734 [INFO] RtosManager:484 - Registered RTOS mode: class=CMSIS, group=RTOS2, mode=CMSIS_V2, owner=FREERTOS
2024-01-07 16:54:32,735 [INFO] RtosManager:484 - Registered RTOS mode: class=RTOS, group=Core, mode=CMSIS_V1, owner=FREERTOS
2024-01-07 16:54:32,735 [INFO] RtosManager:484 - Registered RTOS mode: class=RTOS, group=Core, mode=CMSIS_V2, owner=FREERTOS
2024-01-07 16:54:32,735 [WARN] ModelIntegratedComponent:181 - Missing modes for component STMicroelectronics:FreeRTOS:0.0.1:STMicroelectronics:RTOS:FreeRTOS:Core:::10.2.0:
2024-01-07 16:54:32,735 [WARN] ApiManager:304 - Cannot register API 'Board Extension:NFC04A1' from pack STMicroelectronics.X-CUBE-NFC4.3.0.0: no header file found
2024-01-07 16:54:32,749 [WARN] ApiManager:304 - Cannot register API 'Board Extension:S2868A1' from pack STMicroelectronics.X-CUBE-SUBG2.5.0.0: no header file found
2024-01-07 16:54:32,749 [WARN] ApiManager:304 - Cannot register API 'Board Extension:S2868A2' from pack STMicroelectronics.X-CUBE-SUBG2.5.0.0: no header file found
2024-01-07 16:54:32,749 [WARN] ApiManager:304 - Cannot register API 'Board Extension:S2915A1' from pack STMicroelectronics.X-CUBE-SUBG2.5.0.0: no header file found
2024-01-07 16:54:32,749 [WARN] ApiManager:304 - Cannot register API 'Wireless:BlueNRG-MS' from pack STMicroelectronics.X-CUBE-BLE1.7.0.0: no header file found
2024-01-07 16:54:32,749 [WARN] ModelIntegratedComponent:60 - No mode defined for component null
2024-01-07 16:54:32,749 [WARN] ModelIntegratedComponent:60 - No mode defined for component null
2024-01-07 16:54:32,749 [WARN] ModelIntegratedComponent:60 - No mode defined for component null
2024-01-07 16:54:32,749 [WARN] ModelIntegratedComponent:60 - No mode defined for component null
2024-01-07 16:54:32,749 [WARN] ModelIntegratedComponent:60 - No mode defined for component null
2024-01-07 16:54:32,749 [WARN] ModelIntegratedComponent:60 - No mode defined for component null
2024-01-07 16:54:32,749 [WARN] ModelIntegratedComponent:60 - No mode defined for component null
2024-01-07 16:54:32,765 [WARN] ModelIntegratedComponent:60 - No mode defined for component null
2024-01-07 16:54:32,765 [WARN] ModelIntegratedComponent:60 - No mode defined for component null
2024-01-07 16:54:32,765 [WARN] ModelIntegratedComponent:60 - No mode defined for component null
2024-01-07 16:54:32,765 [WARN] ModelIntegratedComponent:60 - No mode defined for component null
2024-01-07 16:54:32,765 [WARN] ModelIntegratedComponent:60 - No mode defined for component null
2024-01-07 16:54:32,765 [WARN] ModelIntegratedComponent:60 - No mode defined for component null
2024-01-07 16:54:32,765 [WARN] ModelIntegratedComponent:60 - No mode defined for component null
2024-01-07 16:54:32,765 [WARN] ModelIntegratedComponent:60 - No mode defined for component null
2024-01-07 16:54:32,765 [WARN] ModelIntegratedComponent:60 - No mode defined for component null
2024-01-07 16:54:32,765 [WARN] ModelIntegratedComponent:60 - No mode defined for component null
2024-01-07 16:54:32,765 [WARN] ModelIntegratedComponent:60 - No mode defined for component null
2024-01-07 16:54:32,765 [WARN] ModelIntegratedComponent:60 - No mode defined for component null
2024-01-07 16:54:32,765 [WARN] ModelIntegratedComponent:60 - No mode defined for component null
2024-01-07 16:54:32,765 [WARN] ModelIntegratedComponent:60 - No mode defined for component null
2024-01-07 16:54:32,765 [WARN] ModelIntegratedComponent:60 - No mode defined for component null
2024-01-07 16:54:32,765 [WARN] ModelIntegratedComponent:60 - No mode defined for component null
2024-01-07 16:54:32,765 [WARN] ModelIntegratedComponent:60 - No mode defined for component null
2024-01-07 16:54:32,765 [WARN] ModelIntegratedComponent:60 - No mode defined for component null
2024-01-07 16:54:32,765 [WARN] ModelIntegratedComponent:60 - No mode defined for component null
2024-01-07 16:54:32,765 [WARN] ModelIntegratedComponent:60 - No mode defined for component null
2024-01-07 16:54:32,765 [WARN] ModelIntegratedComponent:60 - No mode defined for component null
2024-01-07 16:54:32,765 [WARN] ModelIntegratedComponent:60 - No mode defined for component null
2024-01-07 16:54:32,765 [WARN] ModelIntegratedComponent:60 - No mode defined for component null
2024-01-07 16:54:32,765 [WARN] ModelIntegratedComponent:60 - No mode defined for component null
2024-01-07 16:54:33,132 [WARN] ApiManager:304 - Cannot register API 'Board Extension:IKS01A3' from pack STMicroelectronics.X-CUBE-MEMS1.10.0.0: no header file found
2024-01-07 16:54:33,132 [WARN] ApiManager:304 - Cannot register API 'Board Extension:IKS02A1' from pack STMicroelectronics.X-CUBE-MEMS1.10.0.0: no header file found
2024-01-07 16:54:33,132 [WARN] ApiManager:304 - Cannot register API 'Board Extension:IKS4A1' from pack STMicroelectronics.X-CUBE-MEMS1.10.0.0: no header file found
2024-01-07 16:54:33,150 [WARN] ApiManager:304 - Cannot register API 'Board Extension:NFC07A1' from pack STMicroelectronics.X-CUBE-NFC7.1.0.1: no header file found
2024-01-07 16:54:33,150 [WARN] ApiManager:304 - Cannot register API 'Board Extension:NFC06A1' from pack STMicroelectronics.X-CUBE-NFC6.3.0.0: no header file found
2024-01-07 16:54:33,150 [WARN] ApiManager:304 - Cannot register API 'Board Extension:NFC08A1' from pack STMicroelectronics.X-CUBE-NFC6.3.0.0: no header file found
2024-01-07 16:54:33,150 [WARN] ApiManager:304 - Cannot register API 'Board Extension:EEPRMA1' from pack STMicroelectronics.X-CUBE-EEPRMA1.4.1.0: no header file found
2024-01-07 16:54:33,150 [WARN] ApiManager:304 - Cannot register API 'Board Extension:EEPRMA2' from pack STMicroelectronics.X-CUBE-EEPRMA1.4.1.0: no header file found
2024-01-07 16:54:33,150 [WARN] ApiManager:304 - Cannot register API 'Board Extension:PGEEZ1' from pack STMicroelectronics.X-CUBE-EEPRMA1.4.1.0: no header file found
2024-01-07 16:54:33,150 [WARN] ApiManager:304 - Cannot register API 'Board Part:M24' from pack STMicroelectronics.X-CUBE-EEPRMA1.4.1.0: no header file found
2024-01-07 16:54:33,150 [WARN] ApiManager:304 - Cannot register API 'Board Part:M95' from pack STMicroelectronics.X-CUBE-EEPRMA1.4.1.0: no header file found
2024-01-07 16:54:33,150 [WARN] ApiManager:304 - Cannot register API 'Board Part:M95P32' from pack STMicroelectronics.X-CUBE-EEPRMA1.4.1.0: no header file found
2024-01-07 16:54:33,150 [WARN] ApiManager:304 - Cannot register API 'PGEEZ1:SPI' from pack STMicroelectronics.X-CUBE-EEPRMA1.4.1.0: no header file found
2024-01-07 16:54:33,150 [WARN] ApiManager:304 - Cannot register API 'PGEEZ1:QDSPI' from pack STMicroelectronics.X-CUBE-EEPRMA1.4.1.0: no header file found
2024-01-07 16:54:33,170 [WARN] ApiManager:304 - Cannot register API 'Board Extension:S2868A1' from pack STMicroelectronics.X-CUBE-SFXS2LP1.4.0.0: no header file found
2024-01-07 16:54:33,170 [WARN] ApiManager:304 - Cannot register API 'Board Extension:S2868A2' from pack STMicroelectronics.X-CUBE-SFXS2LP1.4.0.0: no header file found
2024-01-07 16:54:33,170 [WARN] ApiManager:304 - Cannot register API 'Board Extension:S2915A1' from pack STMicroelectronics.X-CUBE-SFXS2LP1.4.0.0: no header file found
2024-01-07 16:54:33,170 [WARN] ApiManager:304 - Cannot register API 'Wireless:BlueNRG-2' from pack STMicroelectronics.X-CUBE-BLE2.3.3.0: no header file found
2024-01-07 16:54:39,560 [INFO] UtilMem:74 - End LoadConfig() Used Memory: 812488320 Bytes (1019215872)
2024-01-07 16:54:39,560 [WARN] ThirdParty:779 - waiting for thirdparty lock release [change project]
2024-01-07 16:54:39,560 [INFO] ThirdParty:781 - entering critical section [change project]
2024-01-07 16:54:39,560 [INFO] ThirdParty:967 - CMSIS Pack Vendor :STMicroelectronics X-CUBE-ISPU 1.1.0
2024-01-07 16:54:39,560 [INFO] ThirdParty:967 - CMSIS Pack Vendor :STMicroelectronics X-CUBE-GNSS1 6.0.0
2024-01-07 16:54:39,560 [INFO] ThirdParty:967 - CMSIS Pack Vendor :STMicroelectronics USB_HOST 2.0.0
2024-01-07 16:54:39,560 [INFO] ThirdParty:967 - CMSIS Pack Vendor :STMicroelectronics X-CUBE-AZRTOS-F4 1.1.0
2024-01-07 16:54:39,560 [INFO] ThirdParty:967 - CMSIS Pack Vendor :wolfSSL I-CUBE-wolfSSL 5.6.3
2024-01-07 16:54:39,560 [INFO] ThirdParty:967 - CMSIS Pack Vendor :STMicroelectronics USB_DEVICE 3.0.0
2024-01-07 16:54:39,560 [INFO] ThirdParty:967 - CMSIS Pack Vendor :STMicroelectronics X-CUBE-AZRTOS-WB 2.0.0
2024-01-07 16:54:39,560 [INFO] ThirdParty:967 - CMSIS Pack Vendor :STMicroelectronics X-CUBE-TOUCHGFX 4.23.0
2024-01-07 16:54:39,560 [INFO] ThirdParty:967 - CMSIS Pack Vendor :STMicroelectronics X-CUBE-AZRTOS-F7 1.1.0
2024-01-07 16:54:39,560 [INFO] ThirdParty:967 - CMSIS Pack Vendor :STMicroelectronics X-CUBE-AZRTOS-L5 2.0.0
2024-01-07 16:54:39,560 [INFO] ThirdParty:967 - CMSIS Pack Vendor :STMicroelectronics USB_DEVICE 2.0.0
2024-01-07 16:54:39,560 [INFO] ThirdParty:967 - CMSIS Pack Vendor :STMicroelectronics X-CUBE-MEMS1 9.6.0
2024-01-07 16:54:39,560 [INFO] ThirdParty:967 - CMSIS Pack Vendor :STMicroelectronics X-CUBE-EEPRMA1 4.2.0
2024-01-07 16:54:39,560 [INFO] ThirdParty:967 - CMSIS Pack Vendor :STMicroelectronics X-CUBE-ALGOBUILD 1.3.0
2024-01-07 16:54:39,560 [INFO] ThirdParty:967 - CMSIS Pack Vendor :STMicroelectronics FreeRTOS 0.0.1
2024-01-07 16:54:39,560 [INFO] ThirdParty:967 - CMSIS Pack Vendor :STMicroelectronics X-CUBE-AZRTOS-G0 1.1.0
2024-01-07 16:54:39,560 [INFO] ThirdParty:967 - CMSIS Pack Vendor :STMicroelectronics X-CUBE-BLEMGR 2.0.0
2024-01-07 16:54:39,560 [INFO] ThirdParty:967 - CMSIS Pack Vendor :STMicroelectronics X-CUBE-NFC4 3.0.0
2024-01-07 16:54:39,560 [INFO] ThirdParty:967 - CMSIS Pack Vendor :STMicroelectronics X-CUBE-SUBG2 5.0.0
2024-01-07 16:54:39,560 [INFO] ThirdParty:967 - CMSIS Pack Vendor :STMicroelectronics lwIP 2.0.3
2024-01-07 16:54:39,560 [INFO] ThirdParty:967 - CMSIS Pack Vendor :STMicroelectronics USB_HOST 1.0.0
2024-01-07 16:54:39,560 [INFO] ThirdParty:967 - CMSIS Pack Vendor :STMicroelectronics X-CUBE-AZRTOS-G4 2.0.0
2024-01-07 16:54:39,560 [INFO] ThirdParty:967 - CMSIS Pack Vendor :STMicroelectronics PDM2PCM 3.1.0
2024-01-07 16:54:39,560 [INFO] ThirdParty:967 - CMSIS Pack Vendor :STMicroelectronics X-CUBE-AZRTOS-H7 3.1.0
2024-01-07 16:54:39,560 [INFO] ThirdParty:967 - CMSIS Pack Vendor :STMicroelectronics PDM2PCM 3.3.0
2024-01-07 16:54:39,560 [INFO] ThirdParty:967 - CMSIS Pack Vendor :STMicroelectronics X-CUBE-BLE1 7.0.0
2024-01-07 16:54:39,560 [INFO] ThirdParty:967 - CMSIS Pack Vendor :STMicroelectronics FP-ATR-SIGFOX1 3.2.0
2024-01-07 16:54:39,560 [INFO] ThirdParty:967 - CMSIS Pack Vendor :STMicroelectronics X-CUBE-ISPU 2.0.0
2024-01-07 16:54:39,560 [INFO] ThirdParty:967 - CMSIS Pack Vendor :STMicroelectronics HAL Drivers 0.0.0
2024-01-07 16:54:39,560 [INFO] ThirdParty:967 - CMSIS Pack Vendor :STMicroelectronics MBEDTLS 2.16.2
2024-01-07 16:54:39,560 [INFO] ThirdParty:967 - CMSIS Pack Vendor :STMicroelectronics X-CUBE-MEMS1 10.0.0
2024-01-07 16:54:39,575 [INFO] ThirdParty:967 - CMSIS Pack Vendor :STMicroelectronics X-CUBE-TOUCHGFX 4.22.0
2024-01-07 16:54:39,575 [INFO] ThirdParty:967 - CMSIS Pack Vendor :STMicroelectronics X-CUBE-NFC7 1.0.1
2024-01-07 16:54:39,575 [INFO] ThirdParty:967 - CMSIS Pack Vendor :STMicroelectronics MBEDTLS 2.14.1
2024-01-07 16:54:39,575 [INFO] ThirdParty:967 - CMSIS Pack Vendor :STMicroelectronics X-CUBE-TOUCHGFX 4.22.1
2024-01-07 16:54:39,575 [INFO] ThirdParty:967 - CMSIS Pack Vendor :STMicroelectronics X-CUBE-NFC6 3.0.0
2024-01-07 16:54:39,575 [INFO] ThirdParty:967 - CMSIS Pack Vendor :STMicroelectronics X-CUBE-EEPRMA1 4.1.0
2024-01-07 16:54:39,575 [INFO] ThirdParty:967 - CMSIS Pack Vendor :portGmbH I-Cube-SoM-uGOAL 1.1.0
2024-01-07 16:54:39,575 [INFO] ThirdParty:967 - CMSIS Pack Vendor :STMicroelectronics X-CUBE-ALS 1.0.1
2024-01-07 16:54:39,575 [INFO] ThirdParty:967 - CMSIS Pack Vendor :STMicroelectronics X-CUBE-AZRTOS-WL 2.0.0
2024-01-07 16:54:39,575 [INFO] ThirdParty:967 - CMSIS Pack Vendor :SEGGER I-CUBE-embOS 1.3.1
2024-01-07 16:54:39,575 [INFO] ThirdParty:967 - CMSIS Pack Vendor :STMicroelectronics USB_DEVICE 1.0.0
2024-01-07 16:54:39,575 [INFO] ThirdParty:967 - CMSIS Pack Vendor :STMicroelectronics X-CUBE-AI 8.1.0
2024-01-07 16:54:39,575 [INFO] ThirdParty:967 - CMSIS Pack Vendor :STMicroelectronics X-CUBE-AZRTOS-L4 2.0.0
2024-01-07 16:54:39,575 [INFO] ThirdParty:967 - CMSIS Pack Vendor :STMicroelectronics ThreadX 0.0.2
2024-01-07 16:54:39,575 [INFO] ThirdParty:967 - CMSIS Pack Vendor :WES I-CUBE-Cesium 1.3.0
2024-01-07 16:54:39,575 [INFO] ThirdParty:967 - CMSIS Pack Vendor :STMicroelectronics FP-ATR-ASTRA1 2.0.0
2024-01-07 16:54:39,575 [INFO] ThirdParty:967 - CMSIS Pack Vendor :STMicroelectronics lwIP 2.1.2
2024-01-07 16:54:39,575 [INFO] ThirdParty:967 - CMSIS Pack Vendor :STMicroelectronics X-CUBE-SFXS2LP1 4.0.0
2024-01-07 16:54:39,575 [INFO] ThirdParty:967 - CMSIS Pack Vendor :STMicroelectronics X-CUBE-BLE2 3.3.0
2024-01-07 16:54:39,575 [INFO] ThirdParty:967 - CMSIS Pack Vendor :STMicroelectronics X-CUBE-AZRTOS-H7 3.2.0
2024-01-07 16:54:39,575 [INFO] ThirdParty:967 - CMSIS Pack Vendor :STMicroelectronics PDM2PCM 3.2.0
2024-01-07 16:54:39,575 [INFO] ThirdParty:787 - exiting critical section [change project]
2024-01-07 16:54:39,925 [INFO] PinOutPanel:1463 - setPackage(No Configuration,No Configuration)
2024-01-07 16:54:39,925 [INFO] PinOutPanel:1463 - setPackage(STM32F103C6Ux,UFQFPN48)
2024-01-07 16:54:40,482 [INFO] UtilMem:74 - Before build in PCC Used Memory: 741672704 Bytes (1019215872)
2024-01-07 16:54:41,468 [INFO] UtilMem:74 - After build in PCC Used Memory: 820315904 Bytes (1019215872)
2024-01-07 16:54:41,500 [INFO] IPUIPlugin:74 - create IPUIPlugin
2024-01-07 16:54:41,500 [INFO] IPUIPlugin:74 - create IPUIPlugin
2024-01-07 16:54:41,500 [INFO] IPUIPlugin:74 - create IPUIPlugin
2024-01-07 16:54:41,500 [INFO] IPUIPlugin:74 - create IPUIPlugin
2024-01-07 16:54:41,500 [INFO] IPUIPlugin:74 - create IPUIPlugin
2024-01-07 16:54:41,500 [INFO] IPUIPlugin:74 - create IPUIPlugin
2024-01-07 16:54:41,500 [INFO] IPUIPlugin:74 - create IPUIPlugin
2024-01-07 16:54:41,500 [INFO] IPUIPlugin:74 - create IPUIPlugin
2024-01-07 16:54:41,500 [INFO] IPUIPlugin:74 - create IPUIPlugin
2024-01-07 16:54:41,500 [INFO] IPUIPlugin:74 - create IPUIPlugin
2024-01-07 16:54:41,500 [INFO] IPUIPlugin:74 - create IPUIPlugin
2024-01-07 16:54:41,500 [INFO] IPUIPlugin:74 - create IPUIPlugin
2024-01-07 16:54:41,500 [INFO] IPUIPlugin:74 - create IPUIPlugin
2024-01-07 16:54:41,500 [INFO] IPUIPlugin:74 - create IPUIPlugin
2024-01-07 16:54:41,500 [INFO] IPUIPlugin:74 - create IPUIPlugin
2024-01-07 16:54:41,500 [INFO] IPUIPlugin:74 - create IPUIPlugin
2024-01-07 16:54:41,500 [INFO] IPUIPlugin:74 - create IPUIPlugin
2024-01-07 16:54:41,500 [INFO] IPUIPlugin:74 - create IPUIPlugin
2024-01-07 16:54:41,500 [INFO] IPUIPlugin:74 - create IPUIPlugin
2024-01-07 16:54:41,500 [INFO] IPUIPlugin:74 - create IPUIPlugin
2024-01-07 16:54:41,500 [INFO] IPUIPlugin:74 - create IPUIPlugin
2024-01-07 16:54:41,500 [INFO] IPUIPlugin:74 - create IPUIPlugin
2024-01-07 16:54:41,515 [INFO] IPUIPlugin:74 - create IPUIPlugin
2024-01-07 16:54:41,706 [INFO] OpenFileManager:333 - Restore cursor
2024-01-07 16:54:42,155 [INFO] UtilMem:74 - End SaveConfig() Used Memory: 888348112 Bytes (1019215872)
2024-01-07 16:54:42,235 [INFO] UtilMem:74 - End SaveConfig() Used Memory: 903153408 Bytes (1019215872)
2024-01-07 16:54:42,881 [INFO] BlockDiagram:2740 - set Specific Code input for plugin: NVIC
2024-01-07 16:54:42,882 [INFO] BlockDiagram:2740 - set Specific Code input for plugin: SYS
2024-01-07 16:54:42,882 [INFO] BlockDiagram:2740 - set Specific Code input for plugin: RCC
2024-01-07 16:54:42,882 [INFO] CodeGenerator:663 - code generatio: config db path: D:\DaiHoc\HK5\VXL\stm32cubeide_1.7.0\STM32CubeIDE\plugins\com.st.stm32cube.common.mx_6.3.0.202107141111\\db\
2024-01-07 16:54:43,368 [INFO] CodeEngine:239 - oldGeneratedFile, D:\DaiHoc\HK5\VXL\GIT_LAB4\SrcFile\lab4\MXTmpFiles\license.tmp_save
2024-01-07 16:54:43,920 [INFO] CodeEngine:257 - Generated code: D:\DaiHoc\HK5\VXL\GIT_LAB4\SrcFile\lab4\MXTmpFiles\license.tmp
2024-01-07 16:54:44,074 [INFO] CodeEngine:239 - oldGeneratedFile, D:\DaiHoc\HK5\VXL\GIT_LAB4\SrcFile\lab4\Core\Src\stm32f1xx_it.c_save
2024-01-07 16:54:44,288 [INFO] CodeEngine:257 - Generated code: D:\DaiHoc\HK5\VXL\GIT_LAB4\SrcFile\lab4\Core\Src\stm32f1xx_it.c
2024-01-07 16:54:44,288 [INFO] CodeEngine:239 - oldGeneratedFile, D:\DaiHoc\HK5\VXL\GIT_LAB4\SrcFile\lab4\Core\Inc\stm32f1xx_it.h_save
2024-01-07 16:54:44,398 [INFO] CodeEngine:257 - Generated code: D:\DaiHoc\HK5\VXL\GIT_LAB4\SrcFile\lab4\Core\Inc\stm32f1xx_it.h
2024-01-07 16:54:44,416 [INFO] CodeEngine:239 - oldGeneratedFile, D:\DaiHoc\HK5\VXL\GIT_LAB4\SrcFile\lab4\Core\Src\stm32f1xx_hal_msp.c_save
2024-01-07 16:54:44,587 [INFO] CodeEngine:257 - Generated code: D:\DaiHoc\HK5\VXL\GIT_LAB4\SrcFile\lab4\Core\Src\stm32f1xx_hal_msp.c
2024-01-07 16:54:44,587 [INFO] CodeEngine:239 - oldGeneratedFile, D:\DaiHoc\HK5\VXL\GIT_LAB4\SrcFile\lab4\MXTmpFiles\system.tmp_save
2024-01-07 16:54:44,697 [INFO] CodeEngine:257 - Generated code: D:\DaiHoc\HK5\VXL\GIT_LAB4\SrcFile\lab4\MXTmpFiles\system.tmp
2024-01-07 16:54:44,722 [INFO] CodeEngine:239 - oldGeneratedFile, D:\DaiHoc\HK5\VXL\GIT_LAB4\SrcFile\lab4\Core\Inc\stm32f1xx_hal_conf.h_save
2024-01-07 16:54:44,825 [INFO] CodeEngine:257 - Generated code: D:\DaiHoc\HK5\VXL\GIT_LAB4\SrcFile\lab4\Core\Inc\stm32f1xx_hal_conf.h
2024-01-07 16:54:44,889 [INFO] CodeEngine:239 - oldGeneratedFile, D:\DaiHoc\HK5\VXL\GIT_LAB4\SrcFile\lab4\Core\Inc\main.h_save
2024-01-07 16:54:44,983 [INFO] CodeEngine:257 - Generated code: D:\DaiHoc\HK5\VXL\GIT_LAB4\SrcFile\lab4\Core\Inc\main.h
2024-01-07 16:54:44,983 [INFO] CodeEngine:239 - oldGeneratedFile, D:\DaiHoc\HK5\VXL\GIT_LAB4\SrcFile\lab4\Core\Src\main.c_save
2024-01-07 16:54:45,167 [INFO] CodeEngine:257 - Generated code: D:\DaiHoc\HK5\VXL\GIT_LAB4\SrcFile\lab4\Core\Src\main.c
2024-01-07 16:54:46,690 [INFO] ProjectBuilder:2578 - Time for Copy HAL[1] : 220mS.
2024-01-07 16:54:46,692 [INFO] ProjectBuilder:3622 - Project Generator version: 3.14.1
2024-01-07 16:54:47,586 [INFO] ConfigFileManager:1271 - The Die is : DIE412
2024-01-07 16:54:47,614 [INFO] ApiDbMcu:468 - Load IP Config File for FATFS
2024-01-07 16:54:47,661 [INFO] ApiDbMcu:468 - Load IP Config File for FREERTOS
2024-01-07 16:54:47,693 [INFO] ApiDbMcu:468 - Load IP Config File for USB_DEVICE
2024-01-07 16:54:58,474 [INFO] ProjectBuilder:3789 - Time for Generating toolchain IDE Files: 11782mS.
2024-01-07 16:54:58,474 [INFO] ProjectBuilder:2457 - Time for Copy CMSIS : 0mS.
2024-01-07 16:54:58,474 [INFO] ProjectBuilder:2457 - Time for Copy CMSIS : 0mS.
2024-01-07 16:54:59,070 [INFO] McuFinderGlobals:52 - Set McuFinderConnectedMode to true
2024-01-07 16:54:59,070 [INFO] ApiDb:276 - Save user favorites file C:\Users\Admin/.stm32cubeide/favorites.mcus.txt: 0 item(s)
2024-01-07 16:54:59,070 [INFO] ApiDb:280 - User favorites MCUs=[]
2024-01-07 17:14:11,904 [INFO] NvicIntPanel:96 - NVIC parent = com.st.microxplorer.plugins.ip.nvic.MultiNvicIntPanel[,0,0,450x93,layout=javax.swing.BoxLayout,alignmentX=0.0,alignmentY=0.0,border=,flags=9,maximumSize=,minimumSize=,preferredSize=]
2024-01-07 17:15:17,535 [INFO] NvicIntPanel:96 - NVIC parent = com.st.microxplorer.plugins.ip.nvic.MultiNvicIntPanel[,0,0,450x93,layout=javax.swing.BoxLayout,alignmentX=0.0,alignmentY=0.0,border=,flags=9,maximumSize=,minimumSize=,preferredSize=]
2024-01-07 17:15:36,109 [INFO] UtilMem:74 - End SaveConfig() Used Memory: 737070632 Bytes (1073741824)
2024-01-07 17:15:37,279 [INFO] UtilMem:74 - End SaveConfig() Used Memory: 756993576 Bytes (1073741824)
2024-01-07 17:15:37,549 [INFO] UtilMem:74 - End SaveConfig() Used Memory: 777442856 Bytes (1073741824)
2024-01-07 17:15:38,078 [INFO] BlockDiagram:2740 - set Specific Code input for plugin: NVIC
2024-01-07 17:15:38,079 [INFO] BlockDiagram:2740 - set Specific Code input for plugin: SYS
2024-01-07 17:15:38,079 [INFO] BlockDiagram:2740 - set Specific Code input for plugin: RCC
2024-01-07 17:15:38,079 [INFO] BlockDiagram:2740 - set Specific Code input for plugin: TIM1_8F1
2024-01-07 17:15:38,079 [INFO] CodeGenerator:663 - code generatio: config db path: D:\DaiHoc\HK5\VXL\stm32cubeide_1.7.0\STM32CubeIDE\plugins\com.st.stm32cube.common.mx_6.3.0.202107141111\\db\
2024-01-07 17:15:38,545 [INFO] CodeEngine:239 - oldGeneratedFile, D:\DaiHoc\HK5\VXL\GIT_LAB4\SrcFile\lab4\MXTmpFiles\license.tmp_save
2024-01-07 17:15:38,643 [INFO] CodeEngine:257 - Generated code: D:\DaiHoc\HK5\VXL\GIT_LAB4\SrcFile\lab4\MXTmpFiles\license.tmp
2024-01-07 17:15:38,818 [INFO] CodeEngine:239 - oldGeneratedFile, D:\DaiHoc\HK5\VXL\GIT_LAB4\SrcFile\lab4\Core\Src\stm32f1xx_it.c_save
2024-01-07 17:15:38,973 [INFO] CodeEngine:257 - Generated code: D:\DaiHoc\HK5\VXL\GIT_LAB4\SrcFile\lab4\Core\Src\stm32f1xx_it.c
2024-01-07 17:15:38,978 [INFO] CodeEngine:239 - oldGeneratedFile, D:\DaiHoc\HK5\VXL\GIT_LAB4\SrcFile\lab4\Core\Inc\stm32f1xx_it.h_save
2024-01-07 17:15:39,078 [INFO] CodeEngine:257 - Generated code: D:\DaiHoc\HK5\VXL\GIT_LAB4\SrcFile\lab4\Core\Inc\stm32f1xx_it.h
2024-01-07 17:15:39,093 [INFO] CodeEngine:239 - oldGeneratedFile, D:\DaiHoc\HK5\VXL\GIT_LAB4\SrcFile\lab4\Core\Src\stm32f1xx_hal_msp.c_save
2024-01-07 17:15:39,268 [INFO] CodeEngine:257 - Generated code: D:\DaiHoc\HK5\VXL\GIT_LAB4\SrcFile\lab4\Core\Src\stm32f1xx_hal_msp.c
2024-01-07 17:15:39,275 [INFO] CodeEngine:239 - oldGeneratedFile, D:\DaiHoc\HK5\VXL\GIT_LAB4\SrcFile\lab4\MXTmpFiles\system.tmp_save
2024-01-07 17:15:39,370 [INFO] CodeEngine:257 - Generated code: D:\DaiHoc\HK5\VXL\GIT_LAB4\SrcFile\lab4\MXTmpFiles\system.tmp
2024-01-07 17:15:39,383 [INFO] CodeEngine:239 - oldGeneratedFile, D:\DaiHoc\HK5\VXL\GIT_LAB4\SrcFile\lab4\Core\Inc\stm32f1xx_hal_conf.h_save
2024-01-07 17:15:39,508 [INFO] CodeEngine:257 - Generated code: D:\DaiHoc\HK5\VXL\GIT_LAB4\SrcFile\lab4\Core\Inc\stm32f1xx_hal_conf.h
2024-01-07 17:15:39,527 [WARN] IPConfigManager:3148 - IP not found : TIM
2024-01-07 17:15:39,527 [WARN] CodeGenerator:3268 - IP not found : null
2024-01-07 17:15:39,538 [INFO] CodeEngine:239 - oldGeneratedFile, D:\DaiHoc\HK5\VXL\GIT_LAB4\SrcFile\lab4\Core\Inc\main.h_save
2024-01-07 17:15:39,678 [INFO] CodeEngine:257 - Generated code: D:\DaiHoc\HK5\VXL\GIT_LAB4\SrcFile\lab4\Core\Inc\main.h
2024-01-07 17:15:39,687 [INFO] CodeEngine:239 - oldGeneratedFile, D:\DaiHoc\HK5\VXL\GIT_LAB4\SrcFile\lab4\Core\Src\main.c_save
2024-01-07 17:15:39,853 [INFO] CodeEngine:257 - Generated code: D:\DaiHoc\HK5\VXL\GIT_LAB4\SrcFile\lab4\Core\Src\main.c
2024-01-07 17:15:41,258 [INFO] ProjectBuilder:2578 - Time for Copy HAL[1] : 162mS.
2024-01-07 17:15:41,268 [INFO] ProjectBuilder:3622 - Project Generator version: 3.14.1
2024-01-07 17:15:42,063 [INFO] ConfigFileManager:1271 - The Die is : DIE412
2024-01-07 17:15:44,736 [INFO] ProjectBuilder:3789 - Time for Generating toolchain IDE Files: 3468mS.
2024-01-07 17:15:44,736 [INFO] ProjectBuilder:2457 - Time for Copy CMSIS : 0mS.
2024-01-07 17:15:44,736 [INFO] ProjectBuilder:2457 - Time for Copy CMSIS : 0mS.
2024-01-07 17:23:23,186 [INFO] NvicIntPanel:96 - NVIC parent = com.st.microxplorer.plugins.ip.nvic.MultiNvicIntPanel[,0,0,0x0,invalid,layout=javax.swing.BoxLayout,alignmentX=0.0,alignmentY=0.0,border=,flags=9,maximumSize=,minimumSize=,preferredSize=]
2024-01-07 17:25:13,978 [INFO] UtilMem:74 - End SaveConfig() Used Memory: 871086504 Bytes (1073741824)
2024-01-07 17:25:35,768 [INFO] UtilMem:74 - End SaveConfig() Used Memory: 847921544 Bytes (1073741824)
2024-01-07 17:25:36,966 [INFO] UtilMem:74 - End SaveConfig() Used Memory: 872259616 Bytes (1073741824)
2024-01-07 17:25:37,267 [INFO] UtilMem:74 - End SaveConfig() Used Memory: 933357912 Bytes (1073741824)
2024-01-07 17:25:37,856 [INFO] BlockDiagram:2740 - set Specific Code input for plugin: NVIC
2024-01-07 17:25:37,856 [INFO] BlockDiagram:2740 - set Specific Code input for plugin: SYS
2024-01-07 17:25:37,856 [INFO] BlockDiagram:2740 - set Specific Code input for plugin: GPIO
2024-01-07 17:25:37,856 [INFO] BlockDiagram:2740 - set Specific Code input for plugin: RCC
2024-01-07 17:25:37,856 [INFO] BlockDiagram:2740 - set Specific Code input for plugin: TIM1_8F1
2024-01-07 17:25:37,856 [INFO] CodeGenerator:663 - code generatio: config db path: D:\DaiHoc\HK5\VXL\stm32cubeide_1.7.0\STM32CubeIDE\plugins\com.st.stm32cube.common.mx_6.3.0.202107141111\\db\
2024-01-07 17:25:38,400 [INFO] CodeEngine:239 - oldGeneratedFile, D:\DaiHoc\HK5\VXL\GIT_LAB4\SrcFile\lab4\MXTmpFiles\license.tmp_save
2024-01-07 17:25:38,571 [INFO] CodeEngine:257 - Generated code: D:\DaiHoc\HK5\VXL\GIT_LAB4\SrcFile\lab4\MXTmpFiles\license.tmp
2024-01-07 17:25:38,635 [INFO] CodeEngine:239 - oldGeneratedFile, D:\DaiHoc\HK5\VXL\GIT_LAB4\SrcFile\lab4\MXTmpFiles\gpio.tmp_save
2024-01-07 17:25:38,776 [INFO] CodeEngine:257 - Generated code: D:\DaiHoc\HK5\VXL\GIT_LAB4\SrcFile\lab4\MXTmpFiles\gpio.tmp
2024-01-07 17:25:38,872 [INFO] CodeEngine:239 - oldGeneratedFile, D:\DaiHoc\HK5\VXL\GIT_LAB4\SrcFile\lab4\Core\Src\stm32f1xx_it.c_save
2024-01-07 17:25:39,043 [INFO] CodeEngine:257 - Generated code: D:\DaiHoc\HK5\VXL\GIT_LAB4\SrcFile\lab4\Core\Src\stm32f1xx_it.c
2024-01-07 17:25:39,043 [INFO] CodeEngine:239 - oldGeneratedFile, D:\DaiHoc\HK5\VXL\GIT_LAB4\SrcFile\lab4\Core\Inc\stm32f1xx_it.h_save
2024-01-07 17:25:39,163 [INFO] CodeEngine:257 - Generated code: D:\DaiHoc\HK5\VXL\GIT_LAB4\SrcFile\lab4\Core\Inc\stm32f1xx_it.h
2024-01-07 17:25:39,179 [INFO] CodeEngine:239 - oldGeneratedFile, D:\DaiHoc\HK5\VXL\GIT_LAB4\SrcFile\lab4\Core\Src\stm32f1xx_hal_msp.c_save
2024-01-07 17:25:39,385 [INFO] CodeEngine:257 - Generated code: D:\DaiHoc\HK5\VXL\GIT_LAB4\SrcFile\lab4\Core\Src\stm32f1xx_hal_msp.c
2024-01-07 17:25:39,385 [INFO] CodeEngine:239 - oldGeneratedFile, D:\DaiHoc\HK5\VXL\GIT_LAB4\SrcFile\lab4\MXTmpFiles\system.tmp_save
2024-01-07 17:25:39,497 [INFO] CodeEngine:257 - Generated code: D:\DaiHoc\HK5\VXL\GIT_LAB4\SrcFile\lab4\MXTmpFiles\system.tmp
2024-01-07 17:25:39,513 [INFO] CodeEngine:239 - oldGeneratedFile, D:\DaiHoc\HK5\VXL\GIT_LAB4\SrcFile\lab4\Core\Inc\stm32f1xx_hal_conf.h_save
2024-01-07 17:25:39,653 [INFO] CodeEngine:257 - Generated code: D:\DaiHoc\HK5\VXL\GIT_LAB4\SrcFile\lab4\Core\Inc\stm32f1xx_hal_conf.h
2024-01-07 17:25:39,685 [WARN] IPConfigManager:3148 - IP not found : TIM
2024-01-07 17:25:39,685 [WARN] CodeGenerator:3268 - IP not found : null
2024-01-07 17:25:39,685 [INFO] CodeEngine:239 - oldGeneratedFile, D:\DaiHoc\HK5\VXL\GIT_LAB4\SrcFile\lab4\Core\Inc\main.h_save
2024-01-07 17:25:39,843 [INFO] CodeEngine:257 - Generated code: D:\DaiHoc\HK5\VXL\GIT_LAB4\SrcFile\lab4\Core\Inc\main.h
2024-01-07 17:25:39,888 [INFO] CodeEngine:239 - oldGeneratedFile, D:\DaiHoc\HK5\VXL\GIT_LAB4\SrcFile\lab4\Core\Src\main.c_save
2024-01-07 17:25:40,032 [INFO] CodeEngine:257 - Generated code: D:\DaiHoc\HK5\VXL\GIT_LAB4\SrcFile\lab4\Core\Src\main.c
2024-01-07 17:25:41,469 [INFO] ProjectBuilder:2578 - Time for Copy HAL[1] : 154mS.
2024-01-07 17:25:41,485 [INFO] ProjectBuilder:3622 - Project Generator version: 3.14.1
2024-01-07 17:25:42,251 [INFO] ConfigFileManager:1271 - The Die is : DIE412
2024-01-07 17:25:45,336 [INFO] ProjectBuilder:3789 - Time for Generating toolchain IDE Files: 3851mS.
2024-01-07 17:25:45,336 [INFO] ProjectBuilder:2457 - Time for Copy CMSIS : 0mS.
2024-01-07 17:25:45,344 [INFO] ProjectBuilder:2457 - Time for Copy CMSIS : 0mS.
